{"/home/runner/work/Chat/Chat/src/server/server.js": {"path":"/home/runner/work/Chat/Chat/src/server/server.js","all":false,"statementMap":{"0":{"start":{"line":1,"column":0},"end":{"line":1,"column":30}},"1":{"start":{"line":2,"column":0},"end":{"line":2,"column":24}},"2":{"start":{"line":3,"column":0},"end":{"line":3,"column":37}},"3":{"start":{"line":4,"column":0},"end":{"line":4,"column":24}},"4":{"start":{"line":5,"column":0},"end":{"line":5,"column":36}},"5":{"start":{"line":6,"column":0},"end":{"line":6,"column":59}},"6":{"start":{"line":7,"column":0},"end":{"line":7,"column":44}},"7":{"start":{"line":8,"column":0},"end":{"line":8,"column":60}},"8":{"start":{"line":9,"column":0},"end":{"line":9,"column":41}},"10":{"start":{"line":11,"column":0},"end":{"line":11,"column":50}},"11":{"start":{"line":12,"column":0},"end":{"line":12,"column":43}},"13":{"start":{"line":14,"column":0},"end":{"line":14,"column":22}},"14":{"start":{"line":15,"column":0},"end":{"line":15,"column":38}},"15":{"start":{"line":16,"column":0},"end":{"line":16,"column":44}},"17":{"start":{"line":18,"column":0},"end":{"line":18,"column":25}},"18":{"start":{"line":19,"column":0},"end":{"line":19,"column":61}},"20":{"start":{"line":21,"column":0},"end":{"line":21,"column":13}},"21":{"start":{"line":22,"column":0},"end":{"line":22,"column":31}},"23":{"start":{"line":24,"column":0},"end":{"line":24,"column":21}},"24":{"start":{"line":25,"column":0},"end":{"line":25,"column":28}},"25":{"start":{"line":26,"column":0},"end":{"line":26,"column":77}},"26":{"start":{"line":27,"column":0},"end":{"line":27,"column":3}},"28":{"start":{"line":29,"column":0},"end":{"line":29,"column":38}},"29":{"start":{"line":30,"column":0},"end":{"line":30,"column":73}},"30":{"start":{"line":31,"column":0},"end":{"line":31,"column":3}},"32":{"start":{"line":33,"column":0},"end":{"line":33,"column":60}},"33":{"start":{"line":34,"column":0},"end":{"line":34,"column":59}},"35":{"start":{"line":36,"column":0},"end":{"line":36,"column":17}},"36":{"start":{"line":37,"column":0},"end":{"line":37,"column":22}},"44":{"start":{"line":45,"column":0},"end":{"line":45,"column":48}},"45":{"start":{"line":46,"column":0},"end":{"line":46,"column":32}},"46":{"start":{"line":47,"column":0},"end":{"line":47,"column":36}},"47":{"start":{"line":48,"column":0},"end":{"line":48,"column":56}},"48":{"start":{"line":49,"column":0},"end":{"line":49,"column":5}},"49":{"start":{"line":50,"column":0},"end":{"line":50,"column":1}},"51":{"start":{"line":52,"column":0},"end":{"line":52,"column":22}}},"s":{"0":1,"1":1,"2":1,"3":1,"4":1,"5":1,"6":1,"7":1,"8":1,"10":1,"11":1,"13":1,"14":1,"15":1,"17":1,"18":1,"20":1,"21":1,"23":1,"24":1,"25":0,"26":1,"28":1,"29":0,"30":1,"32":1,"33":1,"35":1,"36":1,"44":1,"45":1,"46":0,"47":0,"48":0,"49":0,"51":1},"branchMap":{"0":{"type":"branch","line":46,"loc":{"start":{"line":46,"column":31},"end":{"line":50,"column":1}},"locations":[{"start":{"line":46,"column":31},"end":{"line":50,"column":1}}]},"1":{"type":"branch","line":19,"loc":{"start":{"line":19,"column":21},"end":{"line":19,"column":59}},"locations":[{"start":{"line":19,"column":21},"end":{"line":19,"column":59}}]}},"b":{"0":[0],"1":[1]},"fnMap":{},"f":{}}
,"/home/runner/work/Chat/Chat/src/server/config/env.js": {"path":"/home/runner/work/Chat/Chat/src/server/config/env.js","all":false,"statementMap":{"0":{"start":{"line":1,"column":0},"end":{"line":1,"column":28}},"1":{"start":{"line":2,"column":0},"end":{"line":2,"column":24}},"2":{"start":{"line":3,"column":0},"end":{"line":3,"column":36}},"4":{"start":{"line":5,"column":0},"end":{"line":5,"column":50}},"5":{"start":{"line":6,"column":0},"end":{"line":6,"column":43}},"8":{"start":{"line":9,"column":0},"end":{"line":9,"column":63}},"10":{"start":{"line":11,"column":0},"end":{"line":11,"column":23}},"11":{"start":{"line":12,"column":0},"end":{"line":12,"column":33}},"12":{"start":{"line":13,"column":0},"end":{"line":13,"column":58}},"13":{"start":{"line":14,"column":0},"end":{"line":14,"column":43}},"14":{"start":{"line":15,"column":0},"end":{"line":15,"column":48}},"15":{"start":{"line":16,"column":0},"end":{"line":16,"column":2}}},"s":{"0":1,"1":1,"2":1,"4":1,"5":1,"8":1,"10":1,"11":1,"12":1,"13":1,"14":1,"15":1},"branchMap":{"0":{"type":"branch","line":13,"loc":{"start":{"line":13,"column":29},"end":{"line":13,"column":58}},"locations":[{"start":{"line":13,"column":29},"end":{"line":13,"column":58}}]},"1":{"type":"branch","line":15,"loc":{"start":{"line":15,"column":11},"end":{"line":15,"column":48}},"locations":[{"start":{"line":15,"column":11},"end":{"line":15,"column":48}}]}},"b":{"0":[0],"1":[0]},"fnMap":{},"f":{}}
,"/home/runner/work/Chat/Chat/src/server/handlers/wsHandler.js": {"path":"/home/runner/work/Chat/Chat/src/server/handlers/wsHandler.js","all":false,"statementMap":{"0":{"start":{"line":1,"column":0},"end":{"line":1,"column":66}},"1":{"start":{"line":2,"column":0},"end":{"line":2,"column":40}},"2":{"start":{"line":3,"column":0},"end":{"line":3,"column":70}},"3":{"start":{"line":4,"column":0},"end":{"line":4,"column":52}},"5":{"start":{"line":6,"column":0},"end":{"line":6,"column":43}},"6":{"start":{"line":7,"column":0},"end":{"line":7,"column":48}},"7":{"start":{"line":8,"column":0},"end":{"line":8,"column":2}},"8":{"start":{"line":9,"column":0},"end":{"line":9,"column":21}},"9":{"start":{"line":10,"column":0},"end":{"line":10,"column":80}},"10":{"start":{"line":11,"column":0},"end":{"line":11,"column":15}},"11":{"start":{"line":12,"column":0},"end":{"line":12,"column":11}},"12":{"start":{"line":13,"column":0},"end":{"line":13,"column":3}},"13":{"start":{"line":14,"column":0},"end":{"line":14,"column":2}},"14":{"start":{"line":15,"column":0},"end":{"line":15,"column":20}},"16":{"start":{"line":17,"column":0},"end":{"line":17,"column":35}},"17":{"start":{"line":18,"column":0},"end":{"line":18,"column":9}},"18":{"start":{"line":19,"column":0},"end":{"line":19,"column":35}},"20":{"start":{"line":21,"column":0},"end":{"line":21,"column":27}},"21":{"start":{"line":22,"column":0},"end":{"line":22,"column":38}},"22":{"start":{"line":23,"column":0},"end":{"line":23,"column":61}},"23":{"start":{"line":24,"column":0},"end":{"line":24,"column":15}},"24":{"start":{"line":25,"column":0},"end":{"line":25,"column":7}},"26":{"start":{"line":27,"column":0},"end":{"line":27,"column":29}},"27":{"start":{"line":28,"column":0},"end":{"line":28,"column":20}},"28":{"start":{"line":29,"column":0},"end":{"line":29,"column":61}},"29":{"start":{"line":30,"column":0},"end":{"line":30,"column":15}},"30":{"start":{"line":31,"column":0},"end":{"line":31,"column":7}},"32":{"start":{"line":33,"column":0},"end":{"line":33,"column":26}},"33":{"start":{"line":34,"column":0},"end":{"line":34,"column":41}},"34":{"start":{"line":35,"column":0},"end":{"line":35,"column":81}},"36":{"start":{"line":37,"column":0},"end":{"line":37,"column":21}},"37":{"start":{"line":38,"column":0},"end":{"line":38,"column":69}},"38":{"start":{"line":39,"column":0},"end":{"line":39,"column":32}},"39":{"start":{"line":40,"column":0},"end":{"line":40,"column":33}},"40":{"start":{"line":41,"column":0},"end":{"line":41,"column":25}},"41":{"start":{"line":42,"column":0},"end":{"line":42,"column":41}},"42":{"start":{"line":43,"column":0},"end":{"line":43,"column":12}},"43":{"start":{"line":44,"column":0},"end":{"line":44,"column":7}},"44":{"start":{"line":45,"column":0},"end":{"line":45,"column":5}},"45":{"start":{"line":46,"column":0},"end":{"line":46,"column":5}},"47":{"start":{"line":48,"column":0},"end":{"line":48,"column":24}},"48":{"start":{"line":49,"column":0},"end":{"line":49,"column":17}},"49":{"start":{"line":50,"column":0},"end":{"line":50,"column":25}},"50":{"start":{"line":51,"column":0},"end":{"line":51,"column":5}},"51":{"start":{"line":52,"column":0},"end":{"line":52,"column":5}},"52":{"start":{"line":53,"column":0},"end":{"line":53,"column":1}}},"s":{"0":1,"1":1,"2":1,"3":1,"5":1,"6":17,"7":17,"8":17,"9":1,"10":1,"11":1,"12":1,"13":16,"14":16,"16":16,"17":25,"18":25,"20":25,"21":25,"22":2,"23":2,"24":2,"26":21,"27":22,"28":11,"29":11,"30":11,"32":10,"33":10,"34":10,"36":24,"37":2,"38":2,"39":1,"40":1,"41":1,"42":1,"43":1,"44":2,"45":16,"47":16,"48":11,"49":10,"50":10,"51":16,"52":16},"branchMap":{"0":{"type":"branch","line":6,"loc":{"start":{"line":6,"column":7},"end":{"line":53,"column":1}},"locations":[{"start":{"line":6,"column":7},"end":{"line":53,"column":1}}]},"1":{"type":"branch","line":9,"loc":{"start":{"line":9,"column":20},"end":{"line":13,"column":3}},"locations":[{"start":{"line":9,"column":20},"end":{"line":13,"column":3}}]},"2":{"type":"branch","line":13,"loc":{"start":{"line":13,"column":2},"end":{"line":53,"column":1}},"locations":[{"start":{"line":13,"column":2},"end":{"line":53,"column":1}}]},"3":{"type":"branch","line":17,"loc":{"start":{"line":17,"column":19},"end":{"line":46,"column":3}},"locations":[{"start":{"line":17,"column":19},"end":{"line":46,"column":3}}]},"4":{"type":"branch","line":22,"loc":{"start":{"line":22,"column":37},"end":{"line":25,"column":7}},"locations":[{"start":{"line":22,"column":37},"end":{"line":25,"column":7}}]},"5":{"type":"branch","line":25,"loc":{"start":{"line":25,"column":6},"end":{"line":31,"column":7}},"locations":[{"start":{"line":25,"column":6},"end":{"line":31,"column":7}}]},"6":{"type":"branch","line":25,"loc":{"start":{"line":25,"column":6},"end":{"line":28,"column":19}},"locations":[{"start":{"line":25,"column":6},"end":{"line":28,"column":19}}]},"7":{"type":"branch","line":28,"loc":{"start":{"line":28,"column":19},"end":{"line":31,"column":7}},"locations":[{"start":{"line":28,"column":19},"end":{"line":31,"column":7}}]},"8":{"type":"branch","line":31,"loc":{"start":{"line":31,"column":6},"end":{"line":45,"column":5}},"locations":[{"start":{"line":31,"column":6},"end":{"line":45,"column":5}}]},"9":{"type":"branch","line":31,"loc":{"start":{"line":31,"column":6},"end":{"line":37,"column":6}},"locations":[{"start":{"line":31,"column":6},"end":{"line":37,"column":6}}]},"10":{"type":"branch","line":37,"loc":{"start":{"line":37,"column":6},"end":{"line":45,"column":5}},"locations":[{"start":{"line":37,"column":6},"end":{"line":45,"column":5}}]},"11":{"type":"branch","line":39,"loc":{"start":{"line":39,"column":31},"end":{"line":44,"column":7}},"locations":[{"start":{"line":39,"column":31},"end":{"line":44,"column":7}}]},"12":{"type":"branch","line":48,"loc":{"start":{"line":48,"column":17},"end":{"line":52,"column":3}},"locations":[{"start":{"line":48,"column":17},"end":{"line":52,"column":3}}]},"13":{"type":"branch","line":49,"loc":{"start":{"line":49,"column":16},"end":{"line":51,"column":5}},"locations":[{"start":{"line":49,"column":16},"end":{"line":51,"column":5}}]}},"b":{"0":[17],"1":[1],"2":[16],"3":[25],"4":[2],"5":[22],"6":[21],"7":[11],"8":[24],"9":[10],"10":[2],"11":[1],"12":[11],"13":[10]},"fnMap":{"0":{"name":"handleConnection","decl":{"start":{"line":6,"column":7},"end":{"line":53,"column":1}},"loc":{"start":{"line":6,"column":7},"end":{"line":53,"column":1}},"line":6}},"f":{"0":17}}
,"/home/runner/work/Chat/Chat/src/server/managers/ai.js": {"path":"/home/runner/work/Chat/Chat/src/server/managers/ai.js","all":false,"statementMap":{"0":{"start":{"line":1,"column":0},"end":{"line":1,"column":44}},"1":{"start":{"line":2,"column":0},"end":{"line":2,"column":42}},"3":{"start":{"line":4,"column":0},"end":{"line":4,"column":27}},"4":{"start":{"line":5,"column":0},"end":{"line":5,"column":77}},"5":{"start":{"line":6,"column":0},"end":{"line":6,"column":1}},"7":{"start":{"line":8,"column":0},"end":{"line":8,"column":60}},"9":{"start":{"line":10,"column":0},"end":{"line":10,"column":44}},"10":{"start":{"line":11,"column":0},"end":{"line":11,"column":7}},"11":{"start":{"line":12,"column":0},"end":{"line":12,"column":22}},"12":{"start":{"line":13,"column":0},"end":{"line":13,"column":7}},"13":{"start":{"line":14,"column":0},"end":{"line":14,"column":21}},"14":{"start":{"line":15,"column":0},"end":{"line":15,"column":37}},"15":{"start":{"line":16,"column":0},"end":{"line":16,"column":7}},"16":{"start":{"line":17,"column":0},"end":{"line":17,"column":6}},"17":{"start":{"line":18,"column":0},"end":{"line":18,"column":4}},"18":{"start":{"line":19,"column":0},"end":{"line":19,"column":54}},"19":{"start":{"line":20,"column":0},"end":{"line":20,"column":32}},"20":{"start":{"line":21,"column":0},"end":{"line":21,"column":15}},"21":{"start":{"line":22,"column":0},"end":{"line":22,"column":7}},"22":{"start":{"line":23,"column":0},"end":{"line":23,"column":4}},"23":{"start":{"line":24,"column":0},"end":{"line":24,"column":25}},"24":{"start":{"line":25,"column":0},"end":{"line":25,"column":19}},"25":{"start":{"line":26,"column":0},"end":{"line":26,"column":71}},"26":{"start":{"line":27,"column":0},"end":{"line":27,"column":66}},"27":{"start":{"line":28,"column":0},"end":{"line":28,"column":3}},"28":{"start":{"line":29,"column":0},"end":{"line":29,"column":1}}},"s":{"0":1,"1":1,"3":1,"4":0,"5":0,"7":1,"9":1,"10":0,"11":0,"12":0,"13":0,"14":0,"15":0,"16":0,"17":0,"18":0,"19":0,"20":0,"21":0,"22":0,"23":0,"24":0,"25":0,"26":0,"27":0,"28":0},"branchMap":{"0":{"type":"branch","line":4,"loc":{"start":{"line":4,"column":26},"end":{"line":6,"column":1}},"locations":[{"start":{"line":4,"column":26},"end":{"line":6,"column":1}}]}},"b":{"0":[0]},"fnMap":{"0":{"name":"getAIResponse","decl":{"start":{"line":10,"column":7},"end":{"line":29,"column":1}},"loc":{"start":{"line":10,"column":7},"end":{"line":29,"column":1}},"line":10}},"f":{"0":0}}
,"/home/runner/work/Chat/Chat/src/server/managers/chatManager.js": {"path":"/home/runner/work/Chat/Chat/src/server/managers/chatManager.js","all":false,"statementMap":{"0":{"start":{"line":1,"column":0},"end":{"line":1,"column":36}},"1":{"start":{"line":2,"column":0},"end":{"line":2,"column":47}},"3":{"start":{"line":4,"column":0},"end":{"line":4,"column":24}},"4":{"start":{"line":5,"column":0},"end":{"line":5,"column":27}},"6":{"start":{"line":7,"column":0},"end":{"line":7,"column":34}},"7":{"start":{"line":8,"column":0},"end":{"line":8,"column":9}},"8":{"start":{"line":9,"column":0},"end":{"line":9,"column":6}},"9":{"start":{"line":10,"column":0},"end":{"line":10,"column":62}},"10":{"start":{"line":11,"column":0},"end":{"line":11,"column":26}},"11":{"start":{"line":12,"column":0},"end":{"line":12,"column":12}},"12":{"start":{"line":13,"column":0},"end":{"line":13,"column":1}},"14":{"start":{"line":15,"column":0},"end":{"line":15,"column":48}},"15":{"start":{"line":16,"column":0},"end":{"line":16,"column":41}},"16":{"start":{"line":17,"column":0},"end":{"line":17,"column":21}},"17":{"start":{"line":18,"column":0},"end":{"line":18,"column":15}},"18":{"start":{"line":19,"column":0},"end":{"line":19,"column":27}},"19":{"start":{"line":20,"column":0},"end":{"line":20,"column":40}},"20":{"start":{"line":21,"column":0},"end":{"line":21,"column":5}},"21":{"start":{"line":22,"column":0},"end":{"line":22,"column":27}},"22":{"start":{"line":23,"column":0},"end":{"line":23,"column":16}},"23":{"start":{"line":24,"column":0},"end":{"line":24,"column":1}},"25":{"start":{"line":26,"column":0},"end":{"line":26,"column":45}},"26":{"start":{"line":27,"column":0},"end":{"line":27,"column":41}},"27":{"start":{"line":28,"column":0},"end":{"line":28,"column":21}},"28":{"start":{"line":29,"column":0},"end":{"line":29,"column":15}},"29":{"start":{"line":30,"column":0},"end":{"line":30,"column":33}},"30":{"start":{"line":31,"column":0},"end":{"line":31,"column":40}},"31":{"start":{"line":32,"column":0},"end":{"line":32,"column":5}},"32":{"start":{"line":33,"column":0},"end":{"line":33,"column":27}},"33":{"start":{"line":34,"column":0},"end":{"line":34,"column":16}},"34":{"start":{"line":35,"column":0},"end":{"line":35,"column":1}},"36":{"start":{"line":37,"column":0},"end":{"line":37,"column":46}},"37":{"start":{"line":38,"column":0},"end":{"line":38,"column":33}},"38":{"start":{"line":39,"column":0},"end":{"line":39,"column":26}},"39":{"start":{"line":40,"column":0},"end":{"line":40,"column":44}},"40":{"start":{"line":41,"column":0},"end":{"line":41,"column":35}},"41":{"start":{"line":42,"column":0},"end":{"line":42,"column":3}},"42":{"start":{"line":43,"column":0},"end":{"line":43,"column":14}},"43":{"start":{"line":44,"column":0},"end":{"line":44,"column":1}},"45":{"start":{"line":46,"column":0},"end":{"line":46,"column":60}},"46":{"start":{"line":47,"column":0},"end":{"line":47,"column":29}},"47":{"start":{"line":48,"column":0},"end":{"line":48,"column":19}},"48":{"start":{"line":49,"column":0},"end":{"line":49,"column":18}},"49":{"start":{"line":50,"column":0},"end":{"line":50,"column":21}},"50":{"start":{"line":51,"column":0},"end":{"line":51,"column":9}},"51":{"start":{"line":52,"column":0},"end":{"line":52,"column":40}},"52":{"start":{"line":53,"column":0},"end":{"line":53,"column":4}},"53":{"start":{"line":54,"column":0},"end":{"line":54,"column":54}},"54":{"start":{"line":55,"column":0},"end":{"line":55,"column":37}},"55":{"start":{"line":56,"column":0},"end":{"line":56,"column":17}},"56":{"start":{"line":57,"column":0},"end":{"line":57,"column":1}},"58":{"start":{"line":59,"column":0},"end":{"line":59,"column":38}},"59":{"start":{"line":60,"column":0},"end":{"line":60,"column":23}},"60":{"start":{"line":61,"column":0},"end":{"line":61,"column":49}},"61":{"start":{"line":62,"column":0},"end":{"line":62,"column":45}},"62":{"start":{"line":63,"column":0},"end":{"line":63,"column":55}},"63":{"start":{"line":64,"column":0},"end":{"line":64,"column":53}},"64":{"start":{"line":65,"column":0},"end":{"line":65,"column":22}},"65":{"start":{"line":66,"column":0},"end":{"line":66,"column":15}},"66":{"start":{"line":67,"column":0},"end":{"line":67,"column":35}},"67":{"start":{"line":68,"column":0},"end":{"line":68,"column":34}},"68":{"start":{"line":69,"column":0},"end":{"line":69,"column":70}},"69":{"start":{"line":70,"column":0},"end":{"line":70,"column":9}},"70":{"start":{"line":71,"column":0},"end":{"line":71,"column":5}},"71":{"start":{"line":72,"column":0},"end":{"line":72,"column":3}},"72":{"start":{"line":73,"column":0},"end":{"line":73,"column":19}},"73":{"start":{"line":74,"column":0},"end":{"line":74,"column":1}},"75":{"start":{"line":76,"column":0},"end":{"line":76,"column":45}},"76":{"start":{"line":77,"column":0},"end":{"line":77,"column":51}},"77":{"start":{"line":78,"column":0},"end":{"line":78,"column":53}},"78":{"start":{"line":79,"column":0},"end":{"line":79,"column":10}},"79":{"start":{"line":80,"column":0},"end":{"line":80,"column":15}},"80":{"start":{"line":81,"column":0},"end":{"line":81,"column":17}},"81":{"start":{"line":82,"column":0},"end":{"line":82,"column":27}},"82":{"start":{"line":83,"column":0},"end":{"line":83,"column":4}},"83":{"start":{"line":84,"column":0},"end":{"line":84,"column":1}},"85":{"start":{"line":86,"column":0},"end":{"line":86,"column":38}},"86":{"start":{"line":87,"column":0},"end":{"line":87,"column":33}},"87":{"start":{"line":88,"column":0},"end":{"line":88,"column":55}},"88":{"start":{"line":89,"column":0},"end":{"line":89,"column":26}},"89":{"start":{"line":90,"column":0},"end":{"line":90,"column":47}},"90":{"start":{"line":91,"column":0},"end":{"line":91,"column":52}},"91":{"start":{"line":92,"column":0},"end":{"line":92,"column":36}},"92":{"start":{"line":93,"column":0},"end":{"line":93,"column":3}},"93":{"start":{"line":94,"column":0},"end":{"line":94,"column":22}},"94":{"start":{"line":95,"column":0},"end":{"line":95,"column":1}},"96":{"start":{"line":97,"column":0},"end":{"line":97,"column":45}},"97":{"start":{"line":98,"column":0},"end":{"line":98,"column":50}},"98":{"start":{"line":99,"column":0},"end":{"line":99,"column":36}},"99":{"start":{"line":100,"column":0},"end":{"line":100,"column":1}}},"s":{"0":1,"1":1,"3":1,"4":1,"6":33,"7":33,"8":33,"9":33,"10":33,"11":33,"12":33,"14":1,"15":17,"16":17,"17":17,"18":17,"19":17,"20":17,"21":17,"22":17,"23":17,"25":1,"26":16,"27":16,"28":16,"29":16,"30":16,"31":16,"32":16,"33":16,"34":16,"36":1,"37":12,"38":12,"39":10,"40":10,"41":10,"42":10,"43":10,"45":1,"46":40,"47":40,"48":40,"49":40,"50":40,"51":40,"52":40,"53":40,"54":40,"55":40,"56":40,"58":1,"59":6,"60":6,"61":32,"62":16,"63":16,"64":16,"65":16,"66":16,"67":16,"68":16,"69":16,"70":16,"71":32,"72":6,"73":6,"75":1,"76":23,"77":23,"78":23,"79":23,"80":23,"81":23,"82":23,"83":23,"85":39,"86":39,"87":39,"88":39,"89":39,"90":67,"91":67,"92":67,"93":39,"94":39,"96":39,"97":39,"98":39,"99":39},"branchMap":{"0":{"type":"branch","line":7,"loc":{"start":{"line":7,"column":0},"end":{"line":13,"column":1}},"locations":[{"start":{"line":7,"column":0},"end":{"line":13,"column":1}}]},"1":{"type":"branch","line":15,"loc":{"start":{"line":15,"column":7},"end":{"line":24,"column":1}},"locations":[{"start":{"line":15,"column":7},"end":{"line":24,"column":1}}]},"2":{"type":"branch","line":26,"loc":{"start":{"line":26,"column":7},"end":{"line":35,"column":1}},"locations":[{"start":{"line":26,"column":7},"end":{"line":35,"column":1}}]},"3":{"type":"branch","line":37,"loc":{"start":{"line":37,"column":7},"end":{"line":44,"column":1}},"locations":[{"start":{"line":37,"column":7},"end":{"line":44,"column":1}}]},"4":{"type":"branch","line":39,"loc":{"start":{"line":39,"column":13},"end":{"line":44,"column":1}},"locations":[{"start":{"line":39,"column":13},"end":{"line":44,"column":1}}]},"5":{"type":"branch","line":39,"loc":{"start":{"line":39,"column":13},"end":{"line":39,"column":26}},"locations":[{"start":{"line":39,"column":13},"end":{"line":39,"column":26}}]},"6":{"type":"branch","line":39,"loc":{"start":{"line":39,"column":25},"end":{"line":44,"column":1}},"locations":[{"start":{"line":39,"column":25},"end":{"line":44,"column":1}}]},"7":{"type":"branch","line":46,"loc":{"start":{"line":46,"column":7},"end":{"line":57,"column":1}},"locations":[{"start":{"line":46,"column":7},"end":{"line":57,"column":1}}]},"8":{"type":"branch","line":54,"loc":{"start":{"line":54,"column":29},"end":{"line":54,"column":54}},"locations":[{"start":{"line":54,"column":29},"end":{"line":54,"column":54}}]},"9":{"type":"branch","line":59,"loc":{"start":{"line":59,"column":7},"end":{"line":74,"column":1}},"locations":[{"start":{"line":59,"column":7},"end":{"line":74,"column":1}}]},"10":{"type":"branch","line":61,"loc":{"start":{"line":61,"column":48},"end":{"line":72,"column":3}},"locations":[{"start":{"line":61,"column":48},"end":{"line":72,"column":3}}]},"11":{"type":"branch","line":62,"loc":{"start":{"line":62,"column":44},"end":{"line":71,"column":5}},"locations":[{"start":{"line":62,"column":44},"end":{"line":71,"column":5}}]},"12":{"type":"branch","line":69,"loc":{"start":{"line":69,"column":45},"end":{"line":69,"column":62}},"locations":[{"start":{"line":69,"column":45},"end":{"line":69,"column":62}}]},"13":{"type":"branch","line":69,"loc":{"start":{"line":69,"column":63},"end":{"line":69,"column":69}},"locations":[{"start":{"line":69,"column":63},"end":{"line":69,"column":69}}]},"14":{"type":"branch","line":76,"loc":{"start":{"line":76,"column":7},"end":{"line":84,"column":1}},"locations":[{"start":{"line":76,"column":7},"end":{"line":84,"column":1}}]},"15":{"type":"branch","line":86,"loc":{"start":{"line":86,"column":0},"end":{"line":95,"column":1}},"locations":[{"start":{"line":86,"column":0},"end":{"line":95,"column":1}}]},"16":{"type":"branch","line":88,"loc":{"start":{"line":88,"column":30},"end":{"line":88,"column":49}},"locations":[{"start":{"line":88,"column":30},"end":{"line":88,"column":49}}]},"17":{"type":"branch","line":88,"loc":{"start":{"line":88,"column":50},"end":{"line":88,"column":54}},"locations":[{"start":{"line":88,"column":50},"end":{"line":88,"column":54}}]},"18":{"type":"branch","line":90,"loc":{"start":{"line":90,"column":46},"end":{"line":93,"column":3}},"locations":[{"start":{"line":90,"column":46},"end":{"line":93,"column":3}}]},"19":{"type":"branch","line":97,"loc":{"start":{"line":97,"column":0},"end":{"line":100,"column":1}},"locations":[{"start":{"line":97,"column":0},"end":{"line":100,"column":1}}]},"20":{"type":"branch","line":98,"loc":{"start":{"line":98,"column":44},"end":{"line":98,"column":49}},"locations":[{"start":{"line":98,"column":44},"end":{"line":98,"column":49}}]}},"b":{"0":[33],"1":[17],"2":[16],"3":[12],"4":[11],"5":[2],"6":[10],"7":[40],"8":[1],"9":[6],"10":[32],"11":[16],"12":[1],"13":[15],"14":[23],"15":[39],"16":[37],"17":[2],"18":[67],"19":[39],"20":[1]},"fnMap":{"0":{"name":"generateNumericChatId","decl":{"start":{"line":7,"column":0},"end":{"line":13,"column":1}},"loc":{"start":{"line":7,"column":0},"end":{"line":13,"column":1}},"line":7},"1":{"name":"createEmptyChatForUser","decl":{"start":{"line":15,"column":7},"end":{"line":24,"column":1}},"loc":{"start":{"line":15,"column":7},"end":{"line":24,"column":1}},"line":15},"2":{"name":"createAIChatForUser","decl":{"start":{"line":26,"column":7},"end":{"line":35,"column":1}},"loc":{"start":{"line":26,"column":7},"end":{"line":35,"column":1}},"line":26},"3":{"name":"joinChatById","decl":{"start":{"line":37,"column":7},"end":{"line":44,"column":1}},"loc":{"start":{"line":37,"column":7},"end":{"line":44,"column":1}},"line":37},"4":{"name":"addMessageToChat","decl":{"start":{"line":46,"column":7},"end":{"line":57,"column":1}},"loc":{"start":{"line":46,"column":7},"end":{"line":57,"column":1}},"line":46},"5":{"name":"getUserChats","decl":{"start":{"line":59,"column":7},"end":{"line":74,"column":1}},"loc":{"start":{"line":59,"column":7},"end":{"line":74,"column":1}},"line":59},"6":{"name":"getChat","decl":{"start":{"line":76,"column":7},"end":{"line":84,"column":1}},"loc":{"start":{"line":76,"column":7},"end":{"line":84,"column":1}},"line":76},"7":{"name":"getChatParticipants","decl":{"start":{"line":86,"column":0},"end":{"line":95,"column":1}},"loc":{"start":{"line":86,"column":0},"end":{"line":95,"column":1}},"line":86},"8":{"name":"getChatHistory","decl":{"start":{"line":97,"column":0},"end":{"line":100,"column":1}},"loc":{"start":{"line":97,"column":0},"end":{"line":100,"column":1}},"line":97}},"f":{"0":33,"1":17,"2":16,"3":12,"4":40,"5":6,"6":23,"7":39,"8":39}}
,"/home/runner/work/Chat/Chat/src/server/managers/userManager.js": {"path":"/home/runner/work/Chat/Chat/src/server/managers/userManager.js","all":false,"statementMap":{"0":{"start":{"line":1,"column":0},"end":{"line":1,"column":36}},"2":{"start":{"line":3,"column":0},"end":{"line":3,"column":24}},"3":{"start":{"line":4,"column":0},"end":{"line":4,"column":22}},"4":{"start":{"line":5,"column":0},"end":{"line":5,"column":2}},"5":{"start":{"line":6,"column":0},"end":{"line":6,"column":1}},"6":{"start":{"line":7,"column":0},"end":{"line":7,"column":24}},"7":{"start":{"line":8,"column":0},"end":{"line":8,"column":43}},"8":{"start":{"line":9,"column":0},"end":{"line":9,"column":55}},"9":{"start":{"line":10,"column":0},"end":{"line":10,"column":1}},"10":{"start":{"line":11,"column":0},"end":{"line":11,"column":2}},"11":{"start":{"line":12,"column":0},"end":{"line":12,"column":28}},"13":{"start":{"line":14,"column":0},"end":{"line":14,"column":33}},"14":{"start":{"line":15,"column":0},"end":{"line":15,"column":26}},"15":{"start":{"line":16,"column":0},"end":{"line":16,"column":47}},"16":{"start":{"line":17,"column":0},"end":{"line":17,"column":38}},"17":{"start":{"line":18,"column":0},"end":{"line":18,"column":16}},"18":{"start":{"line":19,"column":0},"end":{"line":19,"column":1}},"20":{"start":{"line":21,"column":0},"end":{"line":21,"column":36}},"21":{"start":{"line":22,"column":0},"end":{"line":22,"column":23}},"22":{"start":{"line":23,"column":0},"end":{"line":23,"column":1}},"24":{"start":{"line":25,"column":0},"end":{"line":25,"column":43}},"25":{"start":{"line":26,"column":0},"end":{"line":26,"column":33}},"26":{"start":{"line":27,"column":0},"end":{"line":27,"column":29}},"27":{"start":{"line":28,"column":0},"end":{"line":28,"column":1}},"29":{"start":{"line":30,"column":0},"end":{"line":30,"column":33}},"30":{"start":{"line":31,"column":0},"end":{"line":31,"column":27}},"31":{"start":{"line":32,"column":0},"end":{"line":32,"column":1}},"33":{"start":{"line":34,"column":0},"end":{"line":34,"column":31}},"34":{"start":{"line":35,"column":0},"end":{"line":35,"column":15}},"35":{"start":{"line":36,"column":0},"end":{"line":36,"column":1}},"37":{"start":{"line":38,"column":0},"end":{"line":38,"column":37}},"38":{"start":{"line":39,"column":0},"end":{"line":39,"column":33}},"39":{"start":{"line":40,"column":0},"end":{"line":40,"column":55}},"40":{"start":{"line":41,"column":0},"end":{"line":41,"column":1}},"42":{"start":{"line":43,"column":0},"end":{"line":43,"column":32}},"43":{"start":{"line":44,"column":0},"end":{"line":44,"column":19}},"44":{"start":{"line":45,"column":0},"end":{"line":45,"column":1}},"46":{"start":{"line":47,"column":0},"end":{"line":47,"column":27}},"47":{"start":{"line":48,"column":0},"end":{"line":48,"column":32}},"49":{"start":{"line":50,"column":0},"end":{"line":50,"column":20}},"50":{"start":{"line":51,"column":0},"end":{"line":51,"column":45}},"51":{"start":{"line":52,"column":0},"end":{"line":52,"column":24}},"52":{"start":{"line":53,"column":0},"end":{"line":53,"column":25}},"53":{"start":{"line":54,"column":0},"end":{"line":54,"column":22}},"54":{"start":{"line":55,"column":0},"end":{"line":55,"column":21}},"55":{"start":{"line":56,"column":0},"end":{"line":56,"column":5}},"56":{"start":{"line":57,"column":0},"end":{"line":57,"column":3}},"57":{"start":{"line":58,"column":0},"end":{"line":58,"column":1}},"59":{"start":{"line":60,"column":0},"end":{"line":60,"column":30}},"60":{"start":{"line":61,"column":0},"end":{"line":61,"column":27}},"61":{"start":{"line":62,"column":0},"end":{"line":62,"column":1}},"63":{"start":{"line":64,"column":0},"end":{"line":64,"column":29}},"64":{"start":{"line":65,"column":0},"end":{"line":65,"column":23}},"65":{"start":{"line":66,"column":0},"end":{"line":66,"column":1}}},"s":{"0":1,"2":1,"3":1,"4":1,"5":1,"6":1,"7":1,"8":1,"9":1,"10":1,"11":1,"13":1,"14":37,"15":37,"16":37,"17":37,"18":37,"20":1,"21":16,"22":16,"24":1,"25":2,"26":2,"27":2,"29":1,"30":26,"31":26,"33":1,"34":10,"35":10,"37":1,"38":47,"39":47,"40":47,"42":1,"43":10,"44":10,"46":1,"47":3,"49":3,"50":3,"51":5,"52":5,"53":1,"54":1,"55":1,"56":5,"57":3,"59":1,"60":14,"61":14,"63":1,"64":2,"65":2},"branchMap":{"0":{"type":"branch","line":14,"loc":{"start":{"line":14,"column":7},"end":{"line":19,"column":1}},"locations":[{"start":{"line":14,"column":7},"end":{"line":19,"column":1}}]},"1":{"type":"branch","line":21,"loc":{"start":{"line":21,"column":7},"end":{"line":23,"column":1}},"locations":[{"start":{"line":21,"column":7},"end":{"line":23,"column":1}}]},"2":{"type":"branch","line":25,"loc":{"start":{"line":25,"column":7},"end":{"line":28,"column":1}},"locations":[{"start":{"line":25,"column":7},"end":{"line":28,"column":1}}]},"3":{"type":"branch","line":30,"loc":{"start":{"line":30,"column":7},"end":{"line":32,"column":1}},"locations":[{"start":{"line":30,"column":7},"end":{"line":32,"column":1}}]},"4":{"type":"branch","line":34,"loc":{"start":{"line":34,"column":7},"end":{"line":36,"column":1}},"locations":[{"start":{"line":34,"column":7},"end":{"line":36,"column":1}}]},"5":{"type":"branch","line":38,"loc":{"start":{"line":38,"column":7},"end":{"line":41,"column":1}},"locations":[{"start":{"line":38,"column":7},"end":{"line":41,"column":1}}]},"6":{"type":"branch","line":40,"loc":{"start":{"line":40,"column":22},"end":{"line":40,"column":33}},"locations":[{"start":{"line":40,"column":22},"end":{"line":40,"column":33}}]},"7":{"type":"branch","line":40,"loc":{"start":{"line":40,"column":34},"end":{"line":40,"column":40}},"locations":[{"start":{"line":40,"column":34},"end":{"line":40,"column":40}}]},"8":{"type":"branch","line":43,"loc":{"start":{"line":43,"column":7},"end":{"line":45,"column":1}},"locations":[{"start":{"line":43,"column":7},"end":{"line":45,"column":1}}]},"9":{"type":"branch","line":47,"loc":{"start":{"line":47,"column":7},"end":{"line":58,"column":1}},"locations":[{"start":{"line":47,"column":7},"end":{"line":58,"column":1}}]},"10":{"type":"branch","line":48,"loc":{"start":{"line":48,"column":25},"end":{"line":48,"column":32}},"locations":[{"start":{"line":48,"column":25},"end":{"line":48,"column":32}}]},"11":{"type":"branch","line":51,"loc":{"start":{"line":51,"column":44},"end":{"line":57,"column":3}},"locations":[{"start":{"line":51,"column":44},"end":{"line":57,"column":3}}]},"12":{"type":"branch","line":52,"loc":{"start":{"line":52,"column":15},"end":{"line":52,"column":24}},"locations":[{"start":{"line":52,"column":15},"end":{"line":52,"column":24}}]},"13":{"type":"branch","line":52,"loc":{"start":{"line":52,"column":23},"end":{"line":53,"column":24}},"locations":[{"start":{"line":52,"column":23},"end":{"line":53,"column":24}}]},"14":{"type":"branch","line":53,"loc":{"start":{"line":53,"column":24},"end":{"line":56,"column":5}},"locations":[{"start":{"line":53,"column":24},"end":{"line":56,"column":5}}]},"15":{"type":"branch","line":60,"loc":{"start":{"line":60,"column":7},"end":{"line":62,"column":1}},"locations":[{"start":{"line":60,"column":7},"end":{"line":62,"column":1}}]},"16":{"type":"branch","line":64,"loc":{"start":{"line":64,"column":7},"end":{"line":66,"column":1}},"locations":[{"start":{"line":64,"column":7},"end":{"line":66,"column":1}}]}},"b":{"0":[37],"1":[16],"2":[2],"3":[26],"4":[10],"5":[47],"6":[42],"7":[5],"8":[10],"9":[3],"10":[0],"11":[5],"12":[3],"13":[2],"14":[1],"15":[14],"16":[2]},"fnMap":{"0":{"name":"addUser","decl":{"start":{"line":14,"column":7},"end":{"line":19,"column":1}},"loc":{"start":{"line":14,"column":7},"end":{"line":19,"column":1}},"line":14},"1":{"name":"removeUser","decl":{"start":{"line":21,"column":7},"end":{"line":23,"column":1}},"loc":{"start":{"line":21,"column":7},"end":{"line":23,"column":1}},"line":21},"2":{"name":"setUserName","decl":{"start":{"line":25,"column":7},"end":{"line":28,"column":1}},"loc":{"start":{"line":25,"column":7},"end":{"line":28,"column":1}},"line":25},"3":{"name":"getUser","decl":{"start":{"line":30,"column":7},"end":{"line":32,"column":1}},"loc":{"start":{"line":30,"column":7},"end":{"line":32,"column":1}},"line":30},"4":{"name":"getAllUsers","decl":{"start":{"line":34,"column":7},"end":{"line":36,"column":1}},"loc":{"start":{"line":34,"column":7},"end":{"line":36,"column":1}},"line":34},"5":{"name":"getUserName","decl":{"start":{"line":38,"column":7},"end":{"line":41,"column":1}},"loc":{"start":{"line":38,"column":7},"end":{"line":41,"column":1}},"line":38},"6":{"name":"getBannedIps","decl":{"start":{"line":43,"column":7},"end":{"line":45,"column":1}},"loc":{"start":{"line":43,"column":7},"end":{"line":45,"column":1}},"line":43},"7":{"name":"banIp","decl":{"start":{"line":47,"column":7},"end":{"line":58,"column":1}},"loc":{"start":{"line":47,"column":7},"end":{"line":58,"column":1}},"line":47},"8":{"name":"isBanned","decl":{"start":{"line":60,"column":7},"end":{"line":62,"column":1}},"loc":{"start":{"line":60,"column":7},"end":{"line":62,"column":1}},"line":60},"9":{"name":"unBanIp","decl":{"start":{"line":64,"column":7},"end":{"line":66,"column":1}},"loc":{"start":{"line":64,"column":7},"end":{"line":66,"column":1}},"line":64}},"f":{"0":37,"1":16,"2":2,"3":26,"4":10,"5":47,"6":10,"7":3,"8":14,"9":2}}
,"/home/runner/work/Chat/Chat/src/server/middleware/auth.js": {"path":"/home/runner/work/Chat/Chat/src/server/middleware/auth.js","all":false,"statementMap":{"0":{"start":{"line":1,"column":0},"end":{"line":1,"column":42}},"2":{"start":{"line":3,"column":0},"end":{"line":3,"column":43}},"3":{"start":{"line":4,"column":0},"end":{"line":4,"column":7}},"4":{"start":{"line":5,"column":0},"end":{"line":5,"column":68}},"5":{"start":{"line":6,"column":0},"end":{"line":6,"column":52}},"6":{"start":{"line":7,"column":0},"end":{"line":7,"column":37}},"7":{"start":{"line":8,"column":0},"end":{"line":8,"column":4}},"8":{"start":{"line":9,"column":0},"end":{"line":9,"column":57}},"9":{"start":{"line":10,"column":0},"end":{"line":10,"column":66}},"10":{"start":{"line":11,"column":0},"end":{"line":11,"column":5}},"11":{"start":{"line":12,"column":0},"end":{"line":12,"column":11}},"12":{"start":{"line":13,"column":0},"end":{"line":13,"column":19}},"13":{"start":{"line":14,"column":0},"end":{"line":14,"column":64}},"14":{"start":{"line":15,"column":0},"end":{"line":15,"column":3}},"15":{"start":{"line":16,"column":0},"end":{"line":16,"column":1}}},"s":{"0":1,"2":1,"3":6,"4":6,"5":6,"6":6,"7":6,"8":6,"9":3,"10":3,"11":2,"12":6,"13":1,"14":1,"15":6},"branchMap":{"0":{"type":"branch","line":3,"loc":{"start":{"line":3,"column":7},"end":{"line":16,"column":1}},"locations":[{"start":{"line":3,"column":7},"end":{"line":16,"column":1}}]},"1":{"type":"branch","line":6,"loc":{"start":{"line":6,"column":33},"end":{"line":6,"column":45}},"locations":[{"start":{"line":6,"column":33},"end":{"line":6,"column":45}}]},"2":{"type":"branch","line":6,"loc":{"start":{"line":6,"column":46},"end":{"line":6,"column":51}},"locations":[{"start":{"line":6,"column":46},"end":{"line":6,"column":51}}]},"3":{"type":"branch","line":9,"loc":{"start":{"line":9,"column":18},"end":{"line":9,"column":54}},"locations":[{"start":{"line":9,"column":18},"end":{"line":9,"column":54}}]},"4":{"type":"branch","line":9,"loc":{"start":{"line":9,"column":56},"end":{"line":11,"column":5}},"locations":[{"start":{"line":9,"column":56},"end":{"line":11,"column":5}}]},"5":{"type":"branch","line":11,"loc":{"start":{"line":11,"column":4},"end":{"line":13,"column":4}},"locations":[{"start":{"line":11,"column":4},"end":{"line":13,"column":4}}]},"6":{"type":"branch","line":13,"loc":{"start":{"line":13,"column":4},"end":{"line":15,"column":3}},"locations":[{"start":{"line":13,"column":4},"end":{"line":15,"column":3}}]}},"b":{"0":[6],"1":[2],"2":[1],"3":[3],"4":[3],"5":[2],"6":[1]},"fnMap":{"0":{"name":"adminAuth","decl":{"start":{"line":3,"column":7},"end":{"line":16,"column":1}},"loc":{"start":{"line":3,"column":7},"end":{"line":16,"column":1}},"line":3}},"f":{"0":6}}
,"/home/runner/work/Chat/Chat/src/server/middleware/errorHandler.js": {"path":"/home/runner/work/Chat/Chat/src/server/middleware/errorHandler.js","all":false,"statementMap":{"0":{"start":{"line":1,"column":0},"end":{"line":1,"column":42}},"2":{"start":{"line":3,"column":0},"end":{"line":3,"column":51}},"3":{"start":{"line":4,"column":0},"end":{"line":4,"column":40}},"5":{"start":{"line":6,"column":0},"end":{"line":6,"column":40}},"6":{"start":{"line":7,"column":0},"end":{"line":7,"column":71}},"7":{"start":{"line":8,"column":0},"end":{"line":8,"column":30}},"8":{"start":{"line":9,"column":0},"end":{"line":9,"column":50}},"9":{"start":{"line":10,"column":0},"end":{"line":10,"column":41}},"10":{"start":{"line":11,"column":0},"end":{"line":11,"column":29}},"11":{"start":{"line":12,"column":0},"end":{"line":12,"column":11}},"12":{"start":{"line":13,"column":0},"end":{"line":13,"column":12}},"13":{"start":{"line":14,"column":0},"end":{"line":14,"column":46}},"14":{"start":{"line":15,"column":0},"end":{"line":15,"column":30}},"15":{"start":{"line":16,"column":0},"end":{"line":16,"column":79}},"16":{"start":{"line":17,"column":0},"end":{"line":17,"column":7}},"17":{"start":{"line":18,"column":0},"end":{"line":18,"column":5}},"18":{"start":{"line":19,"column":0},"end":{"line":19,"column":1}}},"s":{"0":1,"2":1,"3":7,"5":7,"6":7,"7":4,"8":4,"9":4,"10":4,"11":4,"12":7,"13":3,"14":3,"15":3,"16":3,"17":3,"18":7},"branchMap":{"0":{"type":"branch","line":3,"loc":{"start":{"line":3,"column":7},"end":{"line":19,"column":1}},"locations":[{"start":{"line":3,"column":7},"end":{"line":19,"column":1}}]},"1":{"type":"branch","line":7,"loc":{"start":{"line":7,"column":38},"end":{"line":7,"column":68}},"locations":[{"start":{"line":7,"column":38},"end":{"line":7,"column":68}}]},"2":{"type":"branch","line":7,"loc":{"start":{"line":7,"column":70},"end":{"line":13,"column":5}},"locations":[{"start":{"line":7,"column":70},"end":{"line":13,"column":5}}]},"3":{"type":"branch","line":10,"loc":{"start":{"line":10,"column":16},"end":{"line":10,"column":41}},"locations":[{"start":{"line":10,"column":16},"end":{"line":10,"column":41}}]},"4":{"type":"branch","line":11,"loc":{"start":{"line":11,"column":16},"end":{"line":11,"column":29}},"locations":[{"start":{"line":11,"column":16},"end":{"line":11,"column":29}}]},"5":{"type":"branch","line":13,"loc":{"start":{"line":13,"column":5},"end":{"line":18,"column":5}},"locations":[{"start":{"line":13,"column":5},"end":{"line":18,"column":5}}]},"6":{"type":"branch","line":16,"loc":{"start":{"line":16,"column":40},"end":{"line":16,"column":64}},"locations":[{"start":{"line":16,"column":40},"end":{"line":16,"column":64}}]},"7":{"type":"branch","line":16,"loc":{"start":{"line":16,"column":65},"end":{"line":16,"column":78}},"locations":[{"start":{"line":16,"column":65},"end":{"line":16,"column":78}}]}},"b":{"0":[7],"1":[5],"2":[4],"3":[1],"4":[3],"5":[3],"6":[2],"7":[1]},"fnMap":{"0":{"name":"errorHandler","decl":{"start":{"line":3,"column":7},"end":{"line":19,"column":1}},"loc":{"start":{"line":3,"column":7},"end":{"line":19,"column":1}},"line":3}},"f":{"0":7}}
,"/home/runner/work/Chat/Chat/src/server/middleware/validation.js": {"path":"/home/runner/work/Chat/Chat/src/server/middleware/validation.js","all":false,"statementMap":{"0":{"start":{"line":1,"column":0},"end":{"line":1,"column":44}},"1":{"start":{"line":2,"column":0},"end":{"line":2,"column":28}},"3":{"start":{"line":4,"column":0},"end":{"line":4,"column":14}},"4":{"start":{"line":5,"column":0},"end":{"line":5,"column":78}},"5":{"start":{"line":6,"column":0},"end":{"line":6,"column":5}},"7":{"start":{"line":8,"column":0},"end":{"line":8,"column":30}},"8":{"start":{"line":9,"column":0},"end":{"line":9,"column":114}},"9":{"start":{"line":10,"column":0},"end":{"line":10,"column":28}},"10":{"start":{"line":11,"column":0},"end":{"line":11,"column":71}},"11":{"start":{"line":12,"column":0},"end":{"line":12,"column":5}},"13":{"start":{"line":14,"column":0},"end":{"line":14,"column":11}},"14":{"start":{"line":15,"column":0},"end":{"line":15,"column":1}}},"s":{"0":1,"1":9,"3":9,"4":3,"5":3,"7":6,"8":6,"9":9,"10":4,"11":4,"13":2,"14":2},"branchMap":{"0":{"type":"branch","line":1,"loc":{"start":{"line":1,"column":7},"end":{"line":15,"column":1}},"locations":[{"start":{"line":1,"column":7},"end":{"line":15,"column":1}}]},"1":{"type":"branch","line":4,"loc":{"start":{"line":4,"column":13},"end":{"line":6,"column":5}},"locations":[{"start":{"line":4,"column":13},"end":{"line":6,"column":5}}]},"2":{"type":"branch","line":6,"loc":{"start":{"line":6,"column":4},"end":{"line":10,"column":27}},"locations":[{"start":{"line":6,"column":4},"end":{"line":10,"column":27}}]},"3":{"type":"branch","line":10,"loc":{"start":{"line":10,"column":27},"end":{"line":12,"column":5}},"locations":[{"start":{"line":10,"column":27},"end":{"line":12,"column":5}}]},"4":{"type":"branch","line":12,"loc":{"start":{"line":12,"column":4},"end":{"line":15,"column":1}},"locations":[{"start":{"line":12,"column":4},"end":{"line":15,"column":1}}]}},"b":{"0":[9],"1":[3],"2":[6],"3":[4],"4":[2]},"fnMap":{"0":{"name":"validateIP","decl":{"start":{"line":1,"column":7},"end":{"line":15,"column":1}},"loc":{"start":{"line":1,"column":7},"end":{"line":15,"column":1}},"line":1}},"f":{"0":9}}
,"/home/runner/work/Chat/Chat/src/server/routes/admin.js": {"path":"/home/runner/work/Chat/Chat/src/server/routes/admin.js","all":false,"statementMap":{"0":{"start":{"line":1,"column":0},"end":{"line":1,"column":30}},"1":{"start":{"line":2,"column":0},"end":{"line":2,"column":87}},"2":{"start":{"line":3,"column":0},"end":{"line":3,"column":50}},"3":{"start":{"line":4,"column":0},"end":{"line":4,"column":57}},"5":{"start":{"line":6,"column":0},"end":{"line":6,"column":32}},"7":{"start":{"line":8,"column":0},"end":{"line":8,"column":29}},"8":{"start":{"line":9,"column":0},"end":{"line":9,"column":27}},"9":{"start":{"line":10,"column":0},"end":{"line":10,"column":22}},"11":{"start":{"line":12,"column":0},"end":{"line":12,"column":16}},"12":{"start":{"line":13,"column":0},"end":{"line":13,"column":43}},"13":{"start":{"line":14,"column":0},"end":{"line":14,"column":7}},"14":{"start":{"line":15,"column":0},"end":{"line":15,"column":21}},"15":{"start":{"line":16,"column":0},"end":{"line":16,"column":55}},"16":{"start":{"line":17,"column":0},"end":{"line":17,"column":17}},"17":{"start":{"line":18,"column":0},"end":{"line":18,"column":57}},"18":{"start":{"line":19,"column":0},"end":{"line":19,"column":7}},"19":{"start":{"line":20,"column":0},"end":{"line":20,"column":5}},"20":{"start":{"line":21,"column":0},"end":{"line":21,"column":20}},"21":{"start":{"line":22,"column":0},"end":{"line":22,"column":19}},"22":{"start":{"line":23,"column":0},"end":{"line":23,"column":49}},"23":{"start":{"line":24,"column":0},"end":{"line":24,"column":70}},"24":{"start":{"line":25,"column":0},"end":{"line":25,"column":3}},"25":{"start":{"line":26,"column":0},"end":{"line":26,"column":3}},"27":{"start":{"line":28,"column":0},"end":{"line":28,"column":17}},"28":{"start":{"line":29,"column":0},"end":{"line":29,"column":48}},"29":{"start":{"line":30,"column":0},"end":{"line":30,"column":7}},"30":{"start":{"line":31,"column":0},"end":{"line":31,"column":29}},"31":{"start":{"line":32,"column":0},"end":{"line":32,"column":32}},"32":{"start":{"line":33,"column":0},"end":{"line":33,"column":49}},"34":{"start":{"line":35,"column":0},"end":{"line":35,"column":33}},"35":{"start":{"line":36,"column":0},"end":{"line":36,"column":48}},"36":{"start":{"line":37,"column":0},"end":{"line":37,"column":65}},"37":{"start":{"line":38,"column":0},"end":{"line":38,"column":7}},"38":{"start":{"line":39,"column":0},"end":{"line":39,"column":7}},"40":{"start":{"line":41,"column":0},"end":{"line":41,"column":28}},"41":{"start":{"line":42,"column":0},"end":{"line":42,"column":19}},"42":{"start":{"line":43,"column":0},"end":{"line":43,"column":54}},"43":{"start":{"line":44,"column":0},"end":{"line":44,"column":76}},"44":{"start":{"line":45,"column":0},"end":{"line":45,"column":3}},"45":{"start":{"line":46,"column":0},"end":{"line":46,"column":3}},"47":{"start":{"line":48,"column":0},"end":{"line":48,"column":27}},"48":{"start":{"line":49,"column":0},"end":{"line":49,"column":56}},"49":{"start":{"line":50,"column":0},"end":{"line":50,"column":7}},"50":{"start":{"line":51,"column":0},"end":{"line":51,"column":28}},"51":{"start":{"line":52,"column":0},"end":{"line":52,"column":14}},"52":{"start":{"line":53,"column":0},"end":{"line":53,"column":68}},"53":{"start":{"line":54,"column":0},"end":{"line":54,"column":19}},"54":{"start":{"line":55,"column":0},"end":{"line":55,"column":46}},"55":{"start":{"line":56,"column":0},"end":{"line":56,"column":66}},"56":{"start":{"line":57,"column":0},"end":{"line":57,"column":3}},"57":{"start":{"line":58,"column":0},"end":{"line":58,"column":3}},"59":{"start":{"line":60,"column":0},"end":{"line":60,"column":29}},"60":{"start":{"line":61,"column":0},"end":{"line":61,"column":58}},"61":{"start":{"line":62,"column":0},"end":{"line":62,"column":7}},"62":{"start":{"line":63,"column":0},"end":{"line":63,"column":28}},"63":{"start":{"line":64,"column":0},"end":{"line":64,"column":16}},"64":{"start":{"line":65,"column":0},"end":{"line":65,"column":69}},"65":{"start":{"line":66,"column":0},"end":{"line":66,"column":19}},"66":{"start":{"line":67,"column":0},"end":{"line":67,"column":48}},"67":{"start":{"line":68,"column":0},"end":{"line":68,"column":69}},"68":{"start":{"line":69,"column":0},"end":{"line":69,"column":3}},"69":{"start":{"line":70,"column":0},"end":{"line":70,"column":3}},"71":{"start":{"line":72,"column":0},"end":{"line":72,"column":22}}},"s":{"0":1,"1":1,"2":1,"3":1,"5":1,"7":1,"8":1,"9":1,"11":1,"12":1,"13":6,"14":6,"15":6,"16":10,"17":9,"18":9,"19":10,"20":5,"21":6,"22":1,"23":1,"24":1,"25":1,"27":1,"28":1,"29":2,"30":2,"31":2,"32":2,"34":2,"35":3,"36":1,"37":1,"38":2,"40":2,"41":2,"42":1,"43":1,"44":1,"45":1,"47":1,"48":1,"49":3,"50":3,"51":3,"52":3,"53":3,"54":1,"55":1,"56":1,"57":1,"59":1,"60":1,"61":3,"62":3,"63":3,"64":3,"65":3,"66":1,"67":1,"68":1,"69":1,"71":1},"branchMap":{"0":{"type":"branch","line":13,"loc":{"start":{"line":13,"column":22},"end":{"line":26,"column":2}},"locations":[{"start":{"line":13,"column":22},"end":{"line":26,"column":2}}]},"1":{"type":"branch","line":16,"loc":{"start":{"line":16,"column":54},"end":{"line":20,"column":5}},"locations":[{"start":{"line":16,"column":54},"end":{"line":20,"column":5}}]},"2":{"type":"branch","line":17,"loc":{"start":{"line":17,"column":16},"end":{"line":19,"column":7}},"locations":[{"start":{"line":17,"column":16},"end":{"line":19,"column":7}}]},"3":{"type":"branch","line":20,"loc":{"start":{"line":20,"column":4},"end":{"line":22,"column":4}},"locations":[{"start":{"line":20,"column":4},"end":{"line":22,"column":4}}]},"4":{"type":"branch","line":22,"loc":{"start":{"line":22,"column":4},"end":{"line":25,"column":3}},"locations":[{"start":{"line":22,"column":4},"end":{"line":25,"column":3}}]},"5":{"type":"branch","line":29,"loc":{"start":{"line":29,"column":27},"end":{"line":46,"column":2}},"locations":[{"start":{"line":29,"column":27},"end":{"line":46,"column":2}}]},"6":{"type":"branch","line":42,"loc":{"start":{"line":42,"column":4},"end":{"line":45,"column":3}},"locations":[{"start":{"line":42,"column":4},"end":{"line":45,"column":3}}]},"7":{"type":"branch","line":35,"loc":{"start":{"line":35,"column":18},"end":{"line":39,"column":5}},"locations":[{"start":{"line":35,"column":18},"end":{"line":39,"column":5}}]},"8":{"type":"branch","line":36,"loc":{"start":{"line":36,"column":47},"end":{"line":38,"column":7}},"locations":[{"start":{"line":36,"column":47},"end":{"line":38,"column":7}}]},"9":{"type":"branch","line":49,"loc":{"start":{"line":49,"column":35},"end":{"line":58,"column":2}},"locations":[{"start":{"line":49,"column":35},"end":{"line":58,"column":2}}]},"10":{"type":"branch","line":54,"loc":{"start":{"line":54,"column":4},"end":{"line":57,"column":3}},"locations":[{"start":{"line":54,"column":4},"end":{"line":57,"column":3}}]},"11":{"type":"branch","line":61,"loc":{"start":{"line":61,"column":37},"end":{"line":70,"column":2}},"locations":[{"start":{"line":61,"column":37},"end":{"line":70,"column":2}}]},"12":{"type":"branch","line":66,"loc":{"start":{"line":66,"column":4},"end":{"line":69,"column":3}},"locations":[{"start":{"line":66,"column":4},"end":{"line":69,"column":3}}]}},"b":{"0":[6],"1":[10],"2":[9],"3":[5],"4":[1],"5":[2],"6":[1],"7":[3],"8":[1],"9":[3],"10":[1],"11":[3],"12":[1]},"fnMap":{},"f":{}}
,"/home/runner/work/Chat/Chat/src/server/websocket/ConnectionManager.js": {"path":"/home/runner/work/Chat/Chat/src/server/websocket/ConnectionManager.js","all":false,"statementMap":{"0":{"start":{"line":1,"column":0},"end":{"line":1,"column":8}},"4":{"start":{"line":5,"column":0},"end":{"line":5,"column":65}},"6":{"start":{"line":7,"column":0},"end":{"line":7,"column":32}},"7":{"start":{"line":8,"column":0},"end":{"line":8,"column":27}},"8":{"start":{"line":9,"column":0},"end":{"line":9,"column":60}},"9":{"start":{"line":10,"column":0},"end":{"line":10,"column":39}},"10":{"start":{"line":11,"column":0},"end":{"line":11,"column":38}},"11":{"start":{"line":12,"column":0},"end":{"line":12,"column":42}},"12":{"start":{"line":13,"column":0},"end":{"line":13,"column":21}},"13":{"start":{"line":14,"column":0},"end":{"line":14,"column":3}},"15":{"start":{"line":16,"column":0},"end":{"line":16,"column":36}},"16":{"start":{"line":17,"column":0},"end":{"line":17,"column":59}},"17":{"start":{"line":18,"column":0},"end":{"line":18,"column":4}},"18":{"start":{"line":19,"column":0},"end":{"line":19,"column":31}},"19":{"start":{"line":20,"column":0},"end":{"line":20,"column":28}},"20":{"start":{"line":21,"column":0},"end":{"line":21,"column":29}},"21":{"start":{"line":22,"column":0},"end":{"line":22,"column":23}},"22":{"start":{"line":23,"column":0},"end":{"line":23,"column":14}},"23":{"start":{"line":24,"column":0},"end":{"line":24,"column":34}},"24":{"start":{"line":25,"column":0},"end":{"line":25,"column":8}},"25":{"start":{"line":26,"column":0},"end":{"line":26,"column":18}},"26":{"start":{"line":27,"column":0},"end":{"line":27,"column":3}},"28":{"start":{"line":29,"column":0},"end":{"line":29,"column":36}},"29":{"start":{"line":30,"column":0},"end":{"line":30,"column":35}},"30":{"start":{"line":31,"column":0},"end":{"line":31,"column":32}},"31":{"start":{"line":32,"column":0},"end":{"line":32,"column":29}},"32":{"start":{"line":33,"column":0},"end":{"line":33,"column":23}},"33":{"start":{"line":34,"column":0},"end":{"line":34,"column":14}},"34":{"start":{"line":35,"column":0},"end":{"line":35,"column":34}},"35":{"start":{"line":36,"column":0},"end":{"line":36,"column":8}},"36":{"start":{"line":37,"column":0},"end":{"line":37,"column":18}},"37":{"start":{"line":38,"column":0},"end":{"line":38,"column":3}},"39":{"start":{"line":40,"column":0},"end":{"line":40,"column":62}},"40":{"start":{"line":41,"column":0},"end":{"line":41,"column":45}},"41":{"start":{"line":42,"column":0},"end":{"line":42,"column":73}},"42":{"start":{"line":43,"column":0},"end":{"line":43,"column":56}},"43":{"start":{"line":44,"column":0},"end":{"line":44,"column":13}},"44":{"start":{"line":45,"column":0},"end":{"line":45,"column":5}},"45":{"start":{"line":46,"column":0},"end":{"line":46,"column":4}},"46":{"start":{"line":47,"column":0},"end":{"line":47,"column":39}},"47":{"start":{"line":48,"column":0},"end":{"line":48,"column":3}},"48":{"start":{"line":49,"column":0},"end":{"line":49,"column":1}}},"s":{"0":1,"4":1,"6":1,"7":1,"8":15,"9":15,"10":15,"11":15,"12":15,"13":15,"15":1,"16":4,"17":1,"18":1,"19":1,"20":1,"21":1,"22":1,"23":4,"24":4,"25":4,"26":4,"28":1,"29":10,"30":10,"31":10,"32":10,"33":10,"34":10,"35":10,"36":10,"37":10,"39":1,"40":13,"41":13,"42":6,"43":6,"44":6,"45":7,"46":7,"47":13,"48":1},"branchMap":{"0":{"type":"branch","line":8,"loc":{"start":{"line":8,"column":9},"end":{"line":14,"column":3}},"locations":[{"start":{"line":8,"column":9},"end":{"line":14,"column":3}}]},"1":{"type":"branch","line":9,"loc":{"start":{"line":9,"column":41},"end":{"line":9,"column":48}},"locations":[{"start":{"line":9,"column":41},"end":{"line":9,"column":48}}]},"2":{"type":"branch","line":9,"loc":{"start":{"line":9,"column":57},"end":{"line":10,"column":35}},"locations":[{"start":{"line":9,"column":57},"end":{"line":10,"column":35}}]},"3":{"type":"branch","line":10,"loc":{"start":{"line":10,"column":36},"end":{"line":11,"column":35}},"locations":[{"start":{"line":10,"column":36},"end":{"line":11,"column":35}}]},"4":{"type":"branch","line":11,"loc":{"start":{"line":11,"column":36},"end":{"line":12,"column":39}},"locations":[{"start":{"line":11,"column":36},"end":{"line":12,"column":39}}]},"5":{"type":"branch","line":12,"loc":{"start":{"line":12,"column":40},"end":{"line":13,"column":20}},"locations":[{"start":{"line":12,"column":40},"end":{"line":13,"column":20}}]},"6":{"type":"branch","line":16,"loc":{"start":{"line":16,"column":9},"end":{"line":27,"column":3}},"locations":[{"start":{"line":16,"column":9},"end":{"line":27,"column":3}}]},"7":{"type":"branch","line":17,"loc":{"start":{"line":17,"column":21},"end":{"line":17,"column":45}},"locations":[{"start":{"line":17,"column":21},"end":{"line":17,"column":45}}]},"8":{"type":"branch","line":17,"loc":{"start":{"line":17,"column":47},"end":{"line":17,"column":59}},"locations":[{"start":{"line":17,"column":47},"end":{"line":17,"column":59}}]},"9":{"type":"branch","line":17,"loc":{"start":{"line":17,"column":58},"end":{"line":24,"column":33}},"locations":[{"start":{"line":17,"column":58},"end":{"line":24,"column":33}}]},"10":{"type":"branch","line":29,"loc":{"start":{"line":29,"column":9},"end":{"line":38,"column":3}},"locations":[{"start":{"line":29,"column":9},"end":{"line":38,"column":3}}]},"11":{"type":"branch","line":40,"loc":{"start":{"line":40,"column":9},"end":{"line":48,"column":3}},"locations":[{"start":{"line":40,"column":9},"end":{"line":48,"column":3}}]},"12":{"type":"branch","line":42,"loc":{"start":{"line":42,"column":23},"end":{"line":42,"column":70}},"locations":[{"start":{"line":42,"column":23},"end":{"line":42,"column":70}}]},"13":{"type":"branch","line":42,"loc":{"start":{"line":42,"column":72},"end":{"line":45,"column":5}},"locations":[{"start":{"line":42,"column":72},"end":{"line":45,"column":5}}]},"14":{"type":"branch","line":45,"loc":{"start":{"line":45,"column":4},"end":{"line":48,"column":2}},"locations":[{"start":{"line":45,"column":4},"end":{"line":48,"column":2}}]}},"b":{"0":[15],"1":[1],"2":[14],"3":[13],"4":[2],"5":[1],"6":[4],"7":[3],"8":[3],"9":[1],"10":[10],"11":[13],"12":[8],"13":[6],"14":[7]},"fnMap":{"0":{"name":"getClientIP","decl":{"start":{"line":8,"column":9},"end":{"line":14,"column":3}},"loc":{"start":{"line":8,"column":9},"end":{"line":14,"column":3}},"line":8},"1":{"name":"handleReconnect","decl":{"start":{"line":16,"column":9},"end":{"line":27,"column":3}},"loc":{"start":{"line":16,"column":9},"end":{"line":27,"column":3}},"line":16},"2":{"name":"initializeNewUser","decl":{"start":{"line":29,"column":9},"end":{"line":38,"column":3}},"loc":{"start":{"line":29,"column":9},"end":{"line":38,"column":3}},"line":29},"3":{"name":"executeCommand","decl":{"start":{"line":40,"column":9},"end":{"line":48,"column":3}},"loc":{"start":{"line":40,"column":9},"end":{"line":48,"column":3}},"line":40}},"f":{"0":15,"1":4,"2":10,"3":13}}
,"/home/runner/work/Chat/Chat/src/server/websocket/WS.js": {"path":"/home/runner/work/Chat/Chat/src/server/websocket/WS.js","all":false,"statementMap":{"0":{"start":{"line":1,"column":0},"end":{"line":1,"column":8}},"4":{"start":{"line":5,"column":0},"end":{"line":5,"column":8}},"11":{"start":{"line":12,"column":0},"end":{"line":12,"column":50}},"13":{"start":{"line":14,"column":0},"end":{"line":14,"column":17}},"14":{"start":{"line":15,"column":0},"end":{"line":15,"column":27}},"15":{"start":{"line":16,"column":0},"end":{"line":16,"column":17}},"16":{"start":{"line":17,"column":0},"end":{"line":17,"column":25}},"17":{"start":{"line":18,"column":0},"end":{"line":18,"column":3}},"19":{"start":{"line":20,"column":0},"end":{"line":20,"column":14}},"20":{"start":{"line":21,"column":0},"end":{"line":21,"column":53}},"21":{"start":{"line":22,"column":0},"end":{"line":22,"column":41}},"22":{"start":{"line":23,"column":0},"end":{"line":23,"column":5}},"23":{"start":{"line":24,"column":0},"end":{"line":24,"column":3}},"25":{"start":{"line":26,"column":0},"end":{"line":26,"column":22}},"26":{"start":{"line":27,"column":0},"end":{"line":27,"column":42}},"27":{"start":{"line":28,"column":0},"end":{"line":28,"column":3}},"29":{"start":{"line":30,"column":0},"end":{"line":30,"column":55}},"30":{"start":{"line":31,"column":0},"end":{"line":31,"column":36}},"31":{"start":{"line":32,"column":0},"end":{"line":32,"column":28}},"33":{"start":{"line":34,"column":0},"end":{"line":34,"column":46}},"34":{"start":{"line":35,"column":0},"end":{"line":35,"column":68}},"35":{"start":{"line":36,"column":0},"end":{"line":36,"column":6}},"36":{"start":{"line":37,"column":0},"end":{"line":37,"column":43}},"37":{"start":{"line":38,"column":0},"end":{"line":38,"column":39}},"38":{"start":{"line":39,"column":0},"end":{"line":39,"column":43}},"39":{"start":{"line":40,"column":0},"end":{"line":40,"column":7}},"40":{"start":{"line":41,"column":0},"end":{"line":41,"column":7}},"41":{"start":{"line":42,"column":0},"end":{"line":42,"column":16}},"42":{"start":{"line":43,"column":0},"end":{"line":43,"column":3}},"44":{"start":{"line":45,"column":0},"end":{"line":45,"column":30}},"45":{"start":{"line":46,"column":0},"end":{"line":46,"column":36}},"46":{"start":{"line":47,"column":0},"end":{"line":47,"column":16}},"47":{"start":{"line":48,"column":0},"end":{"line":48,"column":46}},"48":{"start":{"line":49,"column":0},"end":{"line":49,"column":18}},"49":{"start":{"line":50,"column":0},"end":{"line":50,"column":5}},"50":{"start":{"line":51,"column":0},"end":{"line":51,"column":4}},"51":{"start":{"line":52,"column":0},"end":{"line":52,"column":61}},"52":{"start":{"line":53,"column":0},"end":{"line":53,"column":62}},"53":{"start":{"line":54,"column":0},"end":{"line":54,"column":18}},"54":{"start":{"line":55,"column":0},"end":{"line":55,"column":5}},"55":{"start":{"line":56,"column":0},"end":{"line":56,"column":4}},"56":{"start":{"line":57,"column":0},"end":{"line":57,"column":16}},"57":{"start":{"line":58,"column":0},"end":{"line":58,"column":3}},"59":{"start":{"line":60,"column":0},"end":{"line":60,"column":21}},"60":{"start":{"line":61,"column":0},"end":{"line":61,"column":27}},"61":{"start":{"line":62,"column":0},"end":{"line":62,"column":24}},"62":{"start":{"line":63,"column":0},"end":{"line":63,"column":51}},"63":{"start":{"line":64,"column":0},"end":{"line":64,"column":13}},"64":{"start":{"line":65,"column":0},"end":{"line":65,"column":5}},"65":{"start":{"line":66,"column":0},"end":{"line":66,"column":42}},"66":{"start":{"line":67,"column":0},"end":{"line":67,"column":54}},"67":{"start":{"line":68,"column":0},"end":{"line":68,"column":3}},"69":{"start":{"line":70,"column":0},"end":{"line":70,"column":37}},"70":{"start":{"line":71,"column":0},"end":{"line":71,"column":24}},"71":{"start":{"line":72,"column":0},"end":{"line":72,"column":56}},"72":{"start":{"line":73,"column":0},"end":{"line":73,"column":13}},"73":{"start":{"line":74,"column":0},"end":{"line":74,"column":5}},"75":{"start":{"line":76,"column":0},"end":{"line":76,"column":49}},"76":{"start":{"line":77,"column":0},"end":{"line":77,"column":22}},"77":{"start":{"line":78,"column":0},"end":{"line":78,"column":4}},"78":{"start":{"line":79,"column":0},"end":{"line":79,"column":71}},"79":{"start":{"line":80,"column":0},"end":{"line":80,"column":25}},"80":{"start":{"line":81,"column":0},"end":{"line":81,"column":22}},"81":{"start":{"line":82,"column":0},"end":{"line":82,"column":13}},"82":{"start":{"line":83,"column":0},"end":{"line":83,"column":28}},"83":{"start":{"line":84,"column":0},"end":{"line":84,"column":25}},"84":{"start":{"line":85,"column":0},"end":{"line":85,"column":25}},"85":{"start":{"line":86,"column":0},"end":{"line":86,"column":35}},"86":{"start":{"line":87,"column":0},"end":{"line":87,"column":6}},"88":{"start":{"line":89,"column":0},"end":{"line":89,"column":46}},"89":{"start":{"line":90,"column":0},"end":{"line":90,"column":53}},"90":{"start":{"line":91,"column":0},"end":{"line":91,"column":3}},"92":{"start":{"line":93,"column":0},"end":{"line":93,"column":40}},"93":{"start":{"line":94,"column":0},"end":{"line":94,"column":36}},"94":{"start":{"line":95,"column":0},"end":{"line":95,"column":61}},"96":{"start":{"line":97,"column":0},"end":{"line":97,"column":9}},"97":{"start":{"line":98,"column":0},"end":{"line":98,"column":49}},"98":{"start":{"line":99,"column":0},"end":{"line":99,"column":65}},"99":{"start":{"line":100,"column":0},"end":{"line":100,"column":6}},"100":{"start":{"line":101,"column":0},"end":{"line":101,"column":36}},"101":{"start":{"line":102,"column":0},"end":{"line":102,"column":24}},"102":{"start":{"line":103,"column":0},"end":{"line":103,"column":15}},"103":{"start":{"line":104,"column":0},"end":{"line":104,"column":32}},"104":{"start":{"line":105,"column":0},"end":{"line":105,"column":29}},"105":{"start":{"line":106,"column":0},"end":{"line":106,"column":29}},"106":{"start":{"line":107,"column":0},"end":{"line":107,"column":39}},"107":{"start":{"line":108,"column":0},"end":{"line":108,"column":9}},"108":{"start":{"line":109,"column":0},"end":{"line":109,"column":21}},"109":{"start":{"line":110,"column":0},"end":{"line":110,"column":49}},"110":{"start":{"line":111,"column":0},"end":{"line":111,"column":5}},"111":{"start":{"line":112,"column":0},"end":{"line":112,"column":3}},"113":{"start":{"line":114,"column":0},"end":{"line":114,"column":29}},"114":{"start":{"line":115,"column":0},"end":{"line":115,"column":49}},"115":{"start":{"line":116,"column":0},"end":{"line":116,"column":22}},"116":{"start":{"line":117,"column":0},"end":{"line":117,"column":4}},"117":{"start":{"line":118,"column":0},"end":{"line":118,"column":15}},"118":{"start":{"line":119,"column":0},"end":{"line":119,"column":19}},"119":{"start":{"line":120,"column":0},"end":{"line":120,"column":13}},"120":{"start":{"line":121,"column":0},"end":{"line":121,"column":38}},"121":{"start":{"line":122,"column":0},"end":{"line":122,"column":30}},"122":{"start":{"line":123,"column":0},"end":{"line":123,"column":32}},"123":{"start":{"line":124,"column":0},"end":{"line":124,"column":7}},"124":{"start":{"line":125,"column":0},"end":{"line":125,"column":3}},"126":{"start":{"line":127,"column":0},"end":{"line":127,"column":24}},"127":{"start":{"line":128,"column":0},"end":{"line":128,"column":48}},"128":{"start":{"line":129,"column":0},"end":{"line":129,"column":15}},"129":{"start":{"line":130,"column":0},"end":{"line":130,"column":24}},"130":{"start":{"line":131,"column":0},"end":{"line":131,"column":23}},"131":{"start":{"line":132,"column":0},"end":{"line":132,"column":7}},"132":{"start":{"line":133,"column":0},"end":{"line":133,"column":3}},"134":{"start":{"line":135,"column":0},"end":{"line":135,"column":27}},"135":{"start":{"line":136,"column":0},"end":{"line":136,"column":55}},"136":{"start":{"line":137,"column":0},"end":{"line":137,"column":15}},"137":{"start":{"line":138,"column":0},"end":{"line":138,"column":31}},"138":{"start":{"line":139,"column":0},"end":{"line":139,"column":13}},"139":{"start":{"line":140,"column":0},"end":{"line":140,"column":75}},"140":{"start":{"line":141,"column":0},"end":{"line":141,"column":7}},"141":{"start":{"line":142,"column":0},"end":{"line":142,"column":3}},"143":{"start":{"line":144,"column":0},"end":{"line":144,"column":34}},"144":{"start":{"line":145,"column":0},"end":{"line":145,"column":18}},"145":{"start":{"line":146,"column":0},"end":{"line":146,"column":39}},"146":{"start":{"line":147,"column":0},"end":{"line":147,"column":13}},"147":{"start":{"line":148,"column":0},"end":{"line":148,"column":5}},"149":{"start":{"line":150,"column":0},"end":{"line":150,"column":54}},"150":{"start":{"line":151,"column":0},"end":{"line":151,"column":19}},"151":{"start":{"line":152,"column":0},"end":{"line":152,"column":60}},"152":{"start":{"line":153,"column":0},"end":{"line":153,"column":13}},"153":{"start":{"line":154,"column":0},"end":{"line":154,"column":5}},"155":{"start":{"line":156,"column":0},"end":{"line":156,"column":36}},"156":{"start":{"line":157,"column":0},"end":{"line":157,"column":15}},"157":{"start":{"line":158,"column":0},"end":{"line":158,"column":25}},"158":{"start":{"line":159,"column":0},"end":{"line":159,"column":13}},"159":{"start":{"line":160,"column":0},"end":{"line":160,"column":38}},"160":{"start":{"line":161,"column":0},"end":{"line":161,"column":32}},"161":{"start":{"line":162,"column":0},"end":{"line":162,"column":7}},"163":{"start":{"line":164,"column":0},"end":{"line":164,"column":40}},"164":{"start":{"line":165,"column":0},"end":{"line":165,"column":34}},"165":{"start":{"line":166,"column":0},"end":{"line":166,"column":32}},"166":{"start":{"line":167,"column":0},"end":{"line":167,"column":13}},"167":{"start":{"line":168,"column":0},"end":{"line":168,"column":71}},"168":{"start":{"line":169,"column":0},"end":{"line":169,"column":20}},"169":{"start":{"line":170,"column":0},"end":{"line":170,"column":3}},"170":{"start":{"line":171,"column":0},"end":{"line":171,"column":1}}},"s":{"0":1,"4":1,"11":1,"13":1,"14":1,"15":31,"16":31,"17":31,"19":1,"20":23,"21":22,"22":22,"23":23,"25":1,"26":11,"27":11,"29":1,"30":12,"31":12,"33":11,"34":23,"35":19,"36":19,"37":23,"38":16,"39":16,"40":11,"41":11,"42":12,"44":1,"45":8,"46":8,"47":1,"48":1,"49":1,"50":7,"51":8,"52":1,"53":1,"54":1,"55":6,"56":6,"57":8,"59":1,"60":1,"61":2,"62":1,"63":1,"64":1,"65":1,"66":1,"67":2,"69":1,"70":5,"71":1,"72":1,"73":1,"75":4,"76":5,"77":4,"78":4,"79":4,"80":4,"81":4,"82":4,"83":4,"84":4,"85":4,"86":4,"88":4,"89":4,"90":5,"92":1,"93":4,"94":4,"96":2,"97":2,"98":1,"99":1,"100":1,"101":1,"102":1,"103":1,"104":1,"105":1,"106":1,"107":1,"108":1,"109":1,"110":1,"111":4,"113":1,"114":1,"115":1,"116":1,"117":1,"118":1,"119":1,"120":1,"121":1,"122":1,"123":1,"124":1,"126":1,"127":1,"128":1,"129":1,"130":1,"131":1,"132":1,"134":1,"135":3,"136":3,"137":3,"138":3,"139":3,"140":3,"141":3,"143":1,"144":6,"145":1,"146":1,"147":1,"149":5,"150":6,"151":1,"152":1,"153":1,"155":4,"156":4,"157":4,"158":4,"159":4,"160":4,"161":4,"163":4,"164":4,"165":4,"166":4,"167":4,"168":4,"169":6,"170":1},"branchMap":{"0":{"type":"branch","line":15,"loc":{"start":{"line":15,"column":2},"end":{"line":18,"column":3}},"locations":[{"start":{"line":15,"column":2},"end":{"line":18,"column":3}}]},"1":{"type":"branch","line":20,"loc":{"start":{"line":20,"column":2},"end":{"line":24,"column":3}},"locations":[{"start":{"line":20,"column":2},"end":{"line":24,"column":3}}]},"2":{"type":"branch","line":21,"loc":{"start":{"line":21,"column":34},"end":{"line":23,"column":5}},"locations":[{"start":{"line":21,"column":34},"end":{"line":23,"column":5}}]},"3":{"type":"branch","line":26,"loc":{"start":{"line":26,"column":2},"end":{"line":28,"column":3}},"locations":[{"start":{"line":26,"column":2},"end":{"line":28,"column":3}}]},"4":{"type":"branch","line":30,"loc":{"start":{"line":30,"column":2},"end":{"line":43,"column":3}},"locations":[{"start":{"line":30,"column":2},"end":{"line":43,"column":3}}]},"5":{"type":"branch","line":32,"loc":{"start":{"line":32,"column":15},"end":{"line":32,"column":28}},"locations":[{"start":{"line":32,"column":15},"end":{"line":32,"column":28}}]},"6":{"type":"branch","line":32,"loc":{"start":{"line":32,"column":27},"end":{"line":43,"column":2}},"locations":[{"start":{"line":32,"column":27},"end":{"line":43,"column":2}}]},"7":{"type":"branch","line":34,"loc":{"start":{"line":34,"column":30},"end":{"line":41,"column":5}},"locations":[{"start":{"line":34,"column":30},"end":{"line":41,"column":5}}]},"8":{"type":"branch","line":35,"loc":{"start":{"line":35,"column":24},"end":{"line":35,"column":59}},"locations":[{"start":{"line":35,"column":24},"end":{"line":35,"column":59}}]},"9":{"type":"branch","line":35,"loc":{"start":{"line":35,"column":61},"end":{"line":35,"column":68}},"locations":[{"start":{"line":35,"column":61},"end":{"line":35,"column":68}}]},"10":{"type":"branch","line":35,"loc":{"start":{"line":35,"column":67},"end":{"line":38,"column":30}},"locations":[{"start":{"line":35,"column":67},"end":{"line":38,"column":30}}]},"11":{"type":"branch","line":35,"loc":{"start":{"line":35,"column":67},"end":{"line":38,"column":18}},"locations":[{"start":{"line":35,"column":67},"end":{"line":38,"column":18}}]},"12":{"type":"branch","line":38,"loc":{"start":{"line":38,"column":18},"end":{"line":38,"column":30}},"locations":[{"start":{"line":38,"column":18},"end":{"line":38,"column":30}}]},"13":{"type":"branch","line":38,"loc":{"start":{"line":38,"column":38},"end":{"line":40,"column":7}},"locations":[{"start":{"line":38,"column":38},"end":{"line":40,"column":7}}]},"14":{"type":"branch","line":45,"loc":{"start":{"line":45,"column":2},"end":{"line":58,"column":3}},"locations":[{"start":{"line":45,"column":2},"end":{"line":58,"column":3}}]},"15":{"type":"branch","line":47,"loc":{"start":{"line":47,"column":15},"end":{"line":50,"column":5}},"locations":[{"start":{"line":47,"column":15},"end":{"line":50,"column":5}}]},"16":{"type":"branch","line":50,"loc":{"start":{"line":50,"column":4},"end":{"line":52,"column":60}},"locations":[{"start":{"line":50,"column":4},"end":{"line":52,"column":60}}]},"17":{"type":"branch","line":52,"loc":{"start":{"line":52,"column":60},"end":{"line":55,"column":5}},"locations":[{"start":{"line":52,"column":60},"end":{"line":55,"column":5}}]},"18":{"type":"branch","line":55,"loc":{"start":{"line":55,"column":4},"end":{"line":58,"column":2}},"locations":[{"start":{"line":55,"column":4},"end":{"line":58,"column":2}}]},"19":{"type":"branch","line":52,"loc":{"start":{"line":52,"column":32},"end":{"line":52,"column":57}},"locations":[{"start":{"line":52,"column":32},"end":{"line":52,"column":57}}]},"20":{"type":"branch","line":61,"loc":{"start":{"line":61,"column":2},"end":{"line":68,"column":3}},"locations":[{"start":{"line":61,"column":2},"end":{"line":68,"column":3}}]},"21":{"type":"branch","line":62,"loc":{"start":{"line":62,"column":23},"end":{"line":68,"column":2}},"locations":[{"start":{"line":62,"column":23},"end":{"line":68,"column":2}}]},"22":{"type":"branch","line":70,"loc":{"start":{"line":70,"column":2},"end":{"line":91,"column":3}},"locations":[{"start":{"line":70,"column":2},"end":{"line":91,"column":3}}]},"23":{"type":"branch","line":71,"loc":{"start":{"line":71,"column":23},"end":{"line":74,"column":5}},"locations":[{"start":{"line":71,"column":23},"end":{"line":74,"column":5}}]},"24":{"type":"branch","line":74,"loc":{"start":{"line":74,"column":4},"end":{"line":77,"column":15}},"locations":[{"start":{"line":74,"column":4},"end":{"line":77,"column":15}}]},"25":{"type":"branch","line":77,"loc":{"start":{"line":77,"column":15},"end":{"line":77,"column":22}},"locations":[{"start":{"line":77,"column":15},"end":{"line":77,"column":22}}]},"26":{"type":"branch","line":77,"loc":{"start":{"line":77,"column":21},"end":{"line":91,"column":2}},"locations":[{"start":{"line":77,"column":21},"end":{"line":91,"column":2}}]},"27":{"type":"branch","line":93,"loc":{"start":{"line":93,"column":2},"end":{"line":112,"column":3}},"locations":[{"start":{"line":93,"column":2},"end":{"line":112,"column":3}}]},"28":{"type":"branch","line":95,"loc":{"start":{"line":95,"column":54},"end":{"line":95,"column":61}},"locations":[{"start":{"line":95,"column":54},"end":{"line":95,"column":61}}]},"29":{"type":"branch","line":95,"loc":{"start":{"line":95,"column":60},"end":{"line":111,"column":5}},"locations":[{"start":{"line":95,"column":60},"end":{"line":111,"column":5}}]},"30":{"type":"branch","line":95,"loc":{"start":{"line":95,"column":60},"end":{"line":98,"column":49}},"locations":[{"start":{"line":95,"column":60},"end":{"line":98,"column":49}}]},"31":{"type":"branch","line":98,"loc":{"start":{"line":98,"column":48},"end":{"line":111,"column":5}},"locations":[{"start":{"line":98,"column":48},"end":{"line":111,"column":5}}]},"32":{"type":"branch","line":95,"loc":{"start":{"line":95,"column":33},"end":{"line":95,"column":51}},"locations":[{"start":{"line":95,"column":33},"end":{"line":95,"column":51}}]},"33":{"type":"branch","line":114,"loc":{"start":{"line":114,"column":2},"end":{"line":125,"column":3}},"locations":[{"start":{"line":114,"column":2},"end":{"line":125,"column":3}}]},"34":{"type":"branch","line":116,"loc":{"start":{"line":116,"column":15},"end":{"line":116,"column":22}},"locations":[{"start":{"line":116,"column":15},"end":{"line":116,"column":22}}]},"35":{"type":"branch","line":127,"loc":{"start":{"line":127,"column":2},"end":{"line":133,"column":3}},"locations":[{"start":{"line":127,"column":2},"end":{"line":133,"column":3}}]},"36":{"type":"branch","line":135,"loc":{"start":{"line":135,"column":2},"end":{"line":142,"column":3}},"locations":[{"start":{"line":135,"column":2},"end":{"line":142,"column":3}}]},"37":{"type":"branch","line":144,"loc":{"start":{"line":144,"column":2},"end":{"line":170,"column":3}},"locations":[{"start":{"line":144,"column":2},"end":{"line":170,"column":3}}]},"38":{"type":"branch","line":145,"loc":{"start":{"line":145,"column":17},"end":{"line":148,"column":5}},"locations":[{"start":{"line":145,"column":17},"end":{"line":148,"column":5}}]},"39":{"type":"branch","line":148,"loc":{"start":{"line":148,"column":4},"end":{"line":151,"column":18}},"locations":[{"start":{"line":148,"column":4},"end":{"line":151,"column":18}}]},"40":{"type":"branch","line":151,"loc":{"start":{"line":151,"column":18},"end":{"line":170,"column":2}},"locations":[{"start":{"line":151,"column":18},"end":{"line":170,"column":2}}]},"41":{"type":"branch","line":151,"loc":{"start":{"line":151,"column":18},"end":{"line":154,"column":5}},"locations":[{"start":{"line":151,"column":18},"end":{"line":154,"column":5}}]}},"b":{"0":[31],"1":[23],"2":[22],"3":[11],"4":[12],"5":[1],"6":[11],"7":[23],"8":[10],"9":[4],"10":[20],"11":[19],"12":[16],"13":[16],"14":[8],"15":[1],"16":[7],"17":[1],"18":[6],"19":[7],"20":[2],"21":[1],"22":[5],"23":[1],"24":[4],"25":[0],"26":[4],"27":[4],"28":[2],"29":[3],"30":[2],"31":[1],"32":[9],"33":[1],"34":[0],"35":[1],"36":[3],"37":[6],"38":[1],"39":[5],"40":[4],"41":[1]},"fnMap":{"0":{"name":"WS","decl":{"start":{"line":15,"column":2},"end":{"line":18,"column":3}},"loc":{"start":{"line":15,"column":2},"end":{"line":18,"column":3}},"line":15},"1":{"name":"send","decl":{"start":{"line":20,"column":2},"end":{"line":24,"column":3}},"loc":{"start":{"line":20,"column":2},"end":{"line":24,"column":3}},"line":20},"2":{"name":"sendError","decl":{"start":{"line":26,"column":2},"end":{"line":28,"column":3}},"loc":{"start":{"line":26,"column":2},"end":{"line":28,"column":3}},"line":26},"3":{"name":"broadcastToChat","decl":{"start":{"line":30,"column":2},"end":{"line":43,"column":3}},"loc":{"start":{"line":30,"column":2},"end":{"line":43,"column":3}},"line":30},"4":{"name":"validateChatAccess","decl":{"start":{"line":45,"column":2},"end":{"line":58,"column":3}},"loc":{"start":{"line":45,"column":2},"end":{"line":58,"column":3}},"line":45},"5":{"name":"setName","decl":{"start":{"line":61,"column":2},"end":{"line":68,"column":3}},"loc":{"start":{"line":61,"column":2},"end":{"line":68,"column":3}},"line":61},"6":{"name":"messageTo","decl":{"start":{"line":70,"column":2},"end":{"line":91,"column":3}},"loc":{"start":{"line":70,"column":2},"end":{"line":91,"column":3}},"line":70},"7":{"name":"handleAIResponse","decl":{"start":{"line":93,"column":2},"end":{"line":112,"column":3}},"loc":{"start":{"line":93,"column":2},"end":{"line":112,"column":3}},"line":93},"8":{"name":"getChat","decl":{"start":{"line":114,"column":2},"end":{"line":125,"column":3}},"loc":{"start":{"line":114,"column":2},"end":{"line":125,"column":3}},"line":114},"9":{"name":"getUserChats","decl":{"start":{"line":127,"column":2},"end":{"line":133,"column":3}},"loc":{"start":{"line":127,"column":2},"end":{"line":133,"column":3}},"line":127},"10":{"name":"createEmptyChat","decl":{"start":{"line":135,"column":2},"end":{"line":142,"column":3}},"loc":{"start":{"line":135,"column":2},"end":{"line":142,"column":3}},"line":135},"11":{"name":"joinChatById","decl":{"start":{"line":144,"column":2},"end":{"line":170,"column":3}},"loc":{"start":{"line":144,"column":2},"end":{"line":170,"column":3}},"line":144}},"f":{"0":31,"1":23,"2":11,"3":12,"4":8,"5":2,"6":5,"7":4,"8":1,"9":1,"10":3,"11":6}}
,"/home/runner/work/Chat/Chat/src/server/websocket/commands.js": {"path":"/home/runner/work/Chat/Chat/src/server/websocket/commands.js","all":false,"statementMap":{"0":{"start":{"line":1,"column":0},"end":{"line":1,"column":41}},"1":{"start":{"line":2,"column":0},"end":{"line":2,"column":33}},"2":{"start":{"line":3,"column":0},"end":{"line":3,"column":25}},"3":{"start":{"line":4,"column":0},"end":{"line":4,"column":29}},"4":{"start":{"line":5,"column":0},"end":{"line":5,"column":25}},"5":{"start":{"line":6,"column":0},"end":{"line":6,"column":35}},"6":{"start":{"line":7,"column":0},"end":{"line":7,"column":41}},"7":{"start":{"line":8,"column":0},"end":{"line":8,"column":35}},"8":{"start":{"line":9,"column":0},"end":{"line":9,"column":3}},"10":{"start":{"line":11,"column":0},"end":{"line":11,"column":24}},"11":{"start":{"line":12,"column":0},"end":{"line":12,"column":36}},"12":{"start":{"line":13,"column":0},"end":{"line":13,"column":39}},"13":{"start":{"line":14,"column":0},"end":{"line":14,"column":70}},"14":{"start":{"line":15,"column":0},"end":{"line":15,"column":71}},"15":{"start":{"line":16,"column":0},"end":{"line":16,"column":87}},"16":{"start":{"line":17,"column":0},"end":{"line":17,"column":92}},"17":{"start":{"line":18,"column":0},"end":{"line":18,"column":27}},"18":{"start":{"line":19,"column":0},"end":{"line":19,"column":30}},"19":{"start":{"line":20,"column":0},"end":{"line":20,"column":2}}},"s":{"0":1,"1":1,"2":1,"3":1,"4":1,"5":1,"6":1,"7":1,"8":1,"10":1,"11":1,"12":1,"13":1,"14":1,"15":1,"16":1,"17":1,"18":1,"19":1},"branchMap":{"0":{"type":"branch","line":13,"loc":{"start":{"line":13,"column":11},"end":{"line":13,"column":38}},"locations":[{"start":{"line":13,"column":11},"end":{"line":13,"column":38}}]},"1":{"type":"branch","line":13,"loc":{"start":{"line":13,"column":30},"end":{"line":13,"column":36}},"locations":[{"start":{"line":13,"column":30},"end":{"line":13,"column":36}}]},"2":{"type":"branch","line":14,"loc":{"start":{"line":14,"column":13},"end":{"line":14,"column":69}},"locations":[{"start":{"line":14,"column":13},"end":{"line":14,"column":69}}]},"3":{"type":"branch","line":14,"loc":{"start":{"line":14,"column":49},"end":{"line":14,"column":69}},"locations":[{"start":{"line":14,"column":49},"end":{"line":14,"column":69}}]},"4":{"type":"branch","line":14,"loc":{"start":{"line":14,"column":61},"end":{"line":14,"column":67}},"locations":[{"start":{"line":14,"column":61},"end":{"line":14,"column":67}}]},"5":{"type":"branch","line":16,"loc":{"start":{"line":16,"column":11},"end":{"line":16,"column":86}},"locations":[{"start":{"line":16,"column":11},"end":{"line":16,"column":86}}]},"6":{"type":"branch","line":16,"loc":{"start":{"line":16,"column":39},"end":{"line":16,"column":86}},"locations":[{"start":{"line":16,"column":39},"end":{"line":16,"column":86}}]},"7":{"type":"branch","line":16,"loc":{"start":{"line":16,"column":69},"end":{"line":16,"column":85}},"locations":[{"start":{"line":16,"column":69},"end":{"line":16,"column":85}}]},"8":{"type":"branch","line":17,"loc":{"start":{"line":17,"column":16},"end":{"line":17,"column":91}},"locations":[{"start":{"line":17,"column":16},"end":{"line":17,"column":91}}]},"9":{"type":"branch","line":17,"loc":{"start":{"line":17,"column":44},"end":{"line":17,"column":91}},"locations":[{"start":{"line":17,"column":44},"end":{"line":17,"column":91}}]},"10":{"type":"branch","line":17,"loc":{"start":{"line":17,"column":74},"end":{"line":17,"column":90}},"locations":[{"start":{"line":17,"column":74},"end":{"line":17,"column":90}}]},"11":{"type":"branch","line":18,"loc":{"start":{"line":18,"column":16},"end":{"line":18,"column":26}},"locations":[{"start":{"line":18,"column":16},"end":{"line":18,"column":26}}]},"12":{"type":"branch","line":19,"loc":{"start":{"line":19,"column":19},"end":{"line":19,"column":29}},"locations":[{"start":{"line":19,"column":19},"end":{"line":19,"column":29}}]}},"b":{"0":[6],"1":[4],"2":[7],"3":[5],"4":[4],"5":[5],"6":[4],"7":[2],"8":[5],"9":[4],"10":[2],"11":[4],"12":[4]},"fnMap":{"0":{"name":"setName","decl":{"start":{"line":13,"column":11},"end":{"line":13,"column":38}},"loc":{"start":{"line":13,"column":11},"end":{"line":13,"column":38}},"line":13},"1":{"name":"messageTo","decl":{"start":{"line":14,"column":13},"end":{"line":14,"column":69}},"loc":{"start":{"line":14,"column":13},"end":{"line":14,"column":69}},"line":14},"2":{"name":"getChat","decl":{"start":{"line":16,"column":11},"end":{"line":16,"column":86}},"loc":{"start":{"line":16,"column":11},"end":{"line":16,"column":86}},"line":16},"3":{"name":"joinChatById","decl":{"start":{"line":17,"column":16},"end":{"line":17,"column":91}},"loc":{"start":{"line":17,"column":16},"end":{"line":17,"column":91}},"line":17},"4":{"name":"getUserChats","decl":{"start":{"line":18,"column":16},"end":{"line":18,"column":26}},"loc":{"start":{"line":18,"column":16},"end":{"line":18,"column":26}},"line":18},"5":{"name":"createEmptyChat","decl":{"start":{"line":19,"column":19},"end":{"line":19,"column":29}},"loc":{"start":{"line":19,"column":19},"end":{"line":19,"column":29}},"line":19}},"f":{"0":6,"1":7,"2":5,"3":5,"4":4,"5":4}}
}
