{"/home/runner/work/Chat/Chat/src/ai.js": {"path":"/home/runner/work/Chat/Chat/src/ai.js","all":false,"statementMap":{"0":{"start":{"line":1,"column":0},"end":{"line":1,"column":28}},"1":{"start":{"line":2,"column":0},"end":{"line":2,"column":16}},"3":{"start":{"line":4,"column":0},"end":{"line":4,"column":44}},"5":{"start":{"line":6,"column":0},"end":{"line":6,"column":50}},"6":{"start":{"line":7,"column":0},"end":{"line":7,"column":96}},"8":{"start":{"line":9,"column":0},"end":{"line":9,"column":55}},"10":{"start":{"line":11,"column":0},"end":{"line":11,"column":44}},"11":{"start":{"line":12,"column":0},"end":{"line":12,"column":7}},"12":{"start":{"line":13,"column":0},"end":{"line":13,"column":22}},"13":{"start":{"line":14,"column":0},"end":{"line":14,"column":7}},"14":{"start":{"line":15,"column":0},"end":{"line":15,"column":21}},"15":{"start":{"line":16,"column":0},"end":{"line":16,"column":37}},"16":{"start":{"line":17,"column":0},"end":{"line":17,"column":7}},"17":{"start":{"line":18,"column":0},"end":{"line":18,"column":6}},"18":{"start":{"line":19,"column":0},"end":{"line":19,"column":54}},"19":{"start":{"line":20,"column":0},"end":{"line":20,"column":32}},"20":{"start":{"line":21,"column":0},"end":{"line":21,"column":15}},"21":{"start":{"line":22,"column":0},"end":{"line":22,"column":7}},"22":{"start":{"line":23,"column":0},"end":{"line":23,"column":25}},"23":{"start":{"line":24,"column":0},"end":{"line":24,"column":19}},"24":{"start":{"line":25,"column":0},"end":{"line":25,"column":71}},"25":{"start":{"line":26,"column":0},"end":{"line":26,"column":66}},"26":{"start":{"line":27,"column":0},"end":{"line":27,"column":3}},"27":{"start":{"line":28,"column":0},"end":{"line":28,"column":1}}},"s":{"0":1,"1":1,"3":1,"5":1,"6":1,"8":1,"10":1,"11":0,"12":0,"13":0,"14":0,"15":0,"16":0,"17":0,"18":0,"19":0,"20":0,"21":0,"22":0,"23":0,"24":0,"25":0,"26":0,"27":0},"branchMap":{"0":{"type":"branch","line":7,"loc":{"start":{"line":7,"column":21},"end":{"line":7,"column":96}},"locations":[{"start":{"line":7,"column":21},"end":{"line":7,"column":96}}]}},"b":{"0":[0]},"fnMap":{"0":{"name":"getAIResponse","decl":{"start":{"line":11,"column":7},"end":{"line":28,"column":1}},"loc":{"start":{"line":11,"column":7},"end":{"line":28,"column":1}},"line":11}},"f":{"0":0}}
,"/home/runner/work/Chat/Chat/src/chatManager.js": {"path":"/home/runner/work/Chat/Chat/src/chatManager.js","all":false,"statementMap":{"0":{"start":{"line":1,"column":0},"end":{"line":1,"column":36}},"1":{"start":{"line":2,"column":0},"end":{"line":2,"column":47}},"3":{"start":{"line":4,"column":0},"end":{"line":4,"column":24}},"4":{"start":{"line":5,"column":0},"end":{"line":5,"column":27}},"6":{"start":{"line":7,"column":0},"end":{"line":7,"column":34}},"7":{"start":{"line":8,"column":0},"end":{"line":8,"column":9}},"8":{"start":{"line":9,"column":0},"end":{"line":9,"column":6}},"9":{"start":{"line":10,"column":0},"end":{"line":10,"column":62}},"10":{"start":{"line":11,"column":0},"end":{"line":11,"column":26}},"11":{"start":{"line":12,"column":0},"end":{"line":12,"column":12}},"12":{"start":{"line":13,"column":0},"end":{"line":13,"column":1}},"14":{"start":{"line":15,"column":0},"end":{"line":15,"column":48}},"15":{"start":{"line":16,"column":0},"end":{"line":16,"column":41}},"16":{"start":{"line":17,"column":0},"end":{"line":17,"column":21}},"17":{"start":{"line":18,"column":0},"end":{"line":18,"column":15}},"18":{"start":{"line":19,"column":0},"end":{"line":19,"column":27}},"19":{"start":{"line":20,"column":0},"end":{"line":20,"column":40}},"20":{"start":{"line":21,"column":0},"end":{"line":21,"column":5}},"21":{"start":{"line":22,"column":0},"end":{"line":22,"column":27}},"22":{"start":{"line":23,"column":0},"end":{"line":23,"column":16}},"23":{"start":{"line":24,"column":0},"end":{"line":24,"column":1}},"25":{"start":{"line":26,"column":0},"end":{"line":26,"column":45}},"26":{"start":{"line":27,"column":0},"end":{"line":27,"column":41}},"27":{"start":{"line":28,"column":0},"end":{"line":28,"column":21}},"28":{"start":{"line":29,"column":0},"end":{"line":29,"column":15}},"29":{"start":{"line":30,"column":0},"end":{"line":30,"column":33}},"30":{"start":{"line":31,"column":0},"end":{"line":31,"column":40}},"31":{"start":{"line":32,"column":0},"end":{"line":32,"column":5}},"32":{"start":{"line":33,"column":0},"end":{"line":33,"column":27}},"33":{"start":{"line":34,"column":0},"end":{"line":34,"column":16}},"34":{"start":{"line":35,"column":0},"end":{"line":35,"column":1}},"36":{"start":{"line":37,"column":0},"end":{"line":37,"column":46}},"37":{"start":{"line":38,"column":0},"end":{"line":38,"column":33}},"38":{"start":{"line":39,"column":0},"end":{"line":39,"column":26}},"39":{"start":{"line":40,"column":0},"end":{"line":40,"column":44}},"40":{"start":{"line":41,"column":0},"end":{"line":41,"column":35}},"41":{"start":{"line":42,"column":0},"end":{"line":42,"column":3}},"42":{"start":{"line":43,"column":0},"end":{"line":43,"column":14}},"43":{"start":{"line":44,"column":0},"end":{"line":44,"column":1}},"45":{"start":{"line":46,"column":0},"end":{"line":46,"column":60}},"46":{"start":{"line":47,"column":0},"end":{"line":47,"column":29}},"47":{"start":{"line":48,"column":0},"end":{"line":48,"column":19}},"48":{"start":{"line":49,"column":0},"end":{"line":49,"column":18}},"49":{"start":{"line":50,"column":0},"end":{"line":50,"column":21}},"50":{"start":{"line":51,"column":0},"end":{"line":51,"column":9}},"51":{"start":{"line":52,"column":0},"end":{"line":52,"column":40}},"52":{"start":{"line":53,"column":0},"end":{"line":53,"column":4}},"53":{"start":{"line":54,"column":0},"end":{"line":54,"column":54}},"54":{"start":{"line":55,"column":0},"end":{"line":55,"column":37}},"55":{"start":{"line":56,"column":0},"end":{"line":56,"column":17}},"56":{"start":{"line":57,"column":0},"end":{"line":57,"column":1}},"58":{"start":{"line":59,"column":0},"end":{"line":59,"column":38}},"59":{"start":{"line":60,"column":0},"end":{"line":60,"column":23}},"60":{"start":{"line":61,"column":0},"end":{"line":61,"column":49}},"61":{"start":{"line":62,"column":0},"end":{"line":62,"column":45}},"62":{"start":{"line":63,"column":0},"end":{"line":63,"column":55}},"63":{"start":{"line":64,"column":0},"end":{"line":64,"column":53}},"64":{"start":{"line":65,"column":0},"end":{"line":65,"column":22}},"65":{"start":{"line":66,"column":0},"end":{"line":66,"column":15}},"66":{"start":{"line":67,"column":0},"end":{"line":67,"column":35}},"67":{"start":{"line":68,"column":0},"end":{"line":68,"column":34}},"68":{"start":{"line":69,"column":0},"end":{"line":69,"column":70}},"69":{"start":{"line":70,"column":0},"end":{"line":70,"column":9}},"70":{"start":{"line":71,"column":0},"end":{"line":71,"column":5}},"71":{"start":{"line":72,"column":0},"end":{"line":72,"column":3}},"72":{"start":{"line":73,"column":0},"end":{"line":73,"column":19}},"73":{"start":{"line":74,"column":0},"end":{"line":74,"column":1}},"75":{"start":{"line":76,"column":0},"end":{"line":76,"column":45}},"76":{"start":{"line":77,"column":0},"end":{"line":77,"column":51}},"77":{"start":{"line":78,"column":0},"end":{"line":78,"column":53}},"78":{"start":{"line":79,"column":0},"end":{"line":79,"column":10}},"79":{"start":{"line":80,"column":0},"end":{"line":80,"column":15}},"80":{"start":{"line":81,"column":0},"end":{"line":81,"column":17}},"81":{"start":{"line":82,"column":0},"end":{"line":82,"column":27}},"82":{"start":{"line":83,"column":0},"end":{"line":83,"column":4}},"83":{"start":{"line":84,"column":0},"end":{"line":84,"column":1}},"85":{"start":{"line":86,"column":0},"end":{"line":86,"column":38}},"86":{"start":{"line":87,"column":0},"end":{"line":87,"column":33}},"87":{"start":{"line":88,"column":0},"end":{"line":88,"column":55}},"88":{"start":{"line":89,"column":0},"end":{"line":89,"column":26}},"89":{"start":{"line":90,"column":0},"end":{"line":90,"column":47}},"90":{"start":{"line":91,"column":0},"end":{"line":91,"column":52}},"91":{"start":{"line":92,"column":0},"end":{"line":92,"column":36}},"92":{"start":{"line":93,"column":0},"end":{"line":93,"column":3}},"93":{"start":{"line":94,"column":0},"end":{"line":94,"column":22}},"94":{"start":{"line":95,"column":0},"end":{"line":95,"column":1}},"96":{"start":{"line":97,"column":0},"end":{"line":97,"column":45}},"97":{"start":{"line":98,"column":0},"end":{"line":98,"column":50}},"98":{"start":{"line":99,"column":0},"end":{"line":99,"column":36}},"99":{"start":{"line":100,"column":0},"end":{"line":100,"column":1}}},"s":{"0":1,"1":1,"3":1,"4":1,"6":17,"7":17,"8":17,"9":17,"10":17,"11":17,"12":17,"14":1,"15":11,"16":11,"17":11,"18":11,"19":11,"20":11,"21":11,"22":11,"23":11,"25":1,"26":6,"27":6,"28":6,"29":6,"30":6,"31":6,"32":6,"33":6,"34":6,"36":1,"37":4,"38":4,"39":3,"40":3,"41":3,"42":3,"43":3,"45":1,"46":18,"47":18,"48":18,"49":18,"50":18,"51":18,"52":18,"53":18,"54":18,"55":18,"56":18,"58":1,"59":4,"60":4,"61":22,"62":12,"63":12,"64":12,"65":12,"66":12,"67":12,"68":12,"69":12,"70":12,"71":22,"72":4,"73":4,"75":1,"76":9,"77":9,"78":9,"79":9,"80":9,"81":9,"82":9,"83":9,"85":21,"86":21,"87":21,"88":21,"89":21,"90":30,"91":30,"92":30,"93":21,"94":21,"96":21,"97":21,"98":21,"99":21},"branchMap":{"0":{"type":"branch","line":7,"loc":{"start":{"line":7,"column":0},"end":{"line":13,"column":1}},"locations":[{"start":{"line":7,"column":0},"end":{"line":13,"column":1}}]},"1":{"type":"branch","line":15,"loc":{"start":{"line":15,"column":7},"end":{"line":24,"column":1}},"locations":[{"start":{"line":15,"column":7},"end":{"line":24,"column":1}}]},"2":{"type":"branch","line":26,"loc":{"start":{"line":26,"column":7},"end":{"line":35,"column":1}},"locations":[{"start":{"line":26,"column":7},"end":{"line":35,"column":1}}]},"3":{"type":"branch","line":37,"loc":{"start":{"line":37,"column":7},"end":{"line":44,"column":1}},"locations":[{"start":{"line":37,"column":7},"end":{"line":44,"column":1}}]},"4":{"type":"branch","line":39,"loc":{"start":{"line":39,"column":13},"end":{"line":44,"column":1}},"locations":[{"start":{"line":39,"column":13},"end":{"line":44,"column":1}}]},"5":{"type":"branch","line":39,"loc":{"start":{"line":39,"column":13},"end":{"line":39,"column":26}},"locations":[{"start":{"line":39,"column":13},"end":{"line":39,"column":26}}]},"6":{"type":"branch","line":46,"loc":{"start":{"line":46,"column":7},"end":{"line":57,"column":1}},"locations":[{"start":{"line":46,"column":7},"end":{"line":57,"column":1}}]},"7":{"type":"branch","line":54,"loc":{"start":{"line":54,"column":29},"end":{"line":54,"column":54}},"locations":[{"start":{"line":54,"column":29},"end":{"line":54,"column":54}}]},"8":{"type":"branch","line":59,"loc":{"start":{"line":59,"column":7},"end":{"line":74,"column":1}},"locations":[{"start":{"line":59,"column":7},"end":{"line":74,"column":1}}]},"9":{"type":"branch","line":61,"loc":{"start":{"line":61,"column":48},"end":{"line":72,"column":3}},"locations":[{"start":{"line":61,"column":48},"end":{"line":72,"column":3}}]},"10":{"type":"branch","line":62,"loc":{"start":{"line":62,"column":44},"end":{"line":71,"column":5}},"locations":[{"start":{"line":62,"column":44},"end":{"line":71,"column":5}}]},"11":{"type":"branch","line":69,"loc":{"start":{"line":69,"column":45},"end":{"line":69,"column":62}},"locations":[{"start":{"line":69,"column":45},"end":{"line":69,"column":62}}]},"12":{"type":"branch","line":69,"loc":{"start":{"line":69,"column":63},"end":{"line":69,"column":69}},"locations":[{"start":{"line":69,"column":63},"end":{"line":69,"column":69}}]},"13":{"type":"branch","line":76,"loc":{"start":{"line":76,"column":7},"end":{"line":84,"column":1}},"locations":[{"start":{"line":76,"column":7},"end":{"line":84,"column":1}}]},"14":{"type":"branch","line":86,"loc":{"start":{"line":86,"column":0},"end":{"line":95,"column":1}},"locations":[{"start":{"line":86,"column":0},"end":{"line":95,"column":1}}]},"15":{"type":"branch","line":88,"loc":{"start":{"line":88,"column":50},"end":{"line":88,"column":54}},"locations":[{"start":{"line":88,"column":50},"end":{"line":88,"column":54}}]},"16":{"type":"branch","line":90,"loc":{"start":{"line":90,"column":46},"end":{"line":93,"column":3}},"locations":[{"start":{"line":90,"column":46},"end":{"line":93,"column":3}}]},"17":{"type":"branch","line":97,"loc":{"start":{"line":97,"column":0},"end":{"line":100,"column":1}},"locations":[{"start":{"line":97,"column":0},"end":{"line":100,"column":1}}]},"18":{"type":"branch","line":98,"loc":{"start":{"line":98,"column":44},"end":{"line":98,"column":49}},"locations":[{"start":{"line":98,"column":44},"end":{"line":98,"column":49}}]}},"b":{"0":[17],"1":[11],"2":[6],"3":[4],"4":[3],"5":[1],"6":[18],"7":[0],"8":[4],"9":[22],"10":[12],"11":[1],"12":[11],"13":[9],"14":[21],"15":[0],"16":[30],"17":[21],"18":[0]},"fnMap":{"0":{"name":"generateNumericChatId","decl":{"start":{"line":7,"column":0},"end":{"line":13,"column":1}},"loc":{"start":{"line":7,"column":0},"end":{"line":13,"column":1}},"line":7},"1":{"name":"createEmptyChatForUser","decl":{"start":{"line":15,"column":7},"end":{"line":24,"column":1}},"loc":{"start":{"line":15,"column":7},"end":{"line":24,"column":1}},"line":15},"2":{"name":"createAIChatForUser","decl":{"start":{"line":26,"column":7},"end":{"line":35,"column":1}},"loc":{"start":{"line":26,"column":7},"end":{"line":35,"column":1}},"line":26},"3":{"name":"joinChatById","decl":{"start":{"line":37,"column":7},"end":{"line":44,"column":1}},"loc":{"start":{"line":37,"column":7},"end":{"line":44,"column":1}},"line":37},"4":{"name":"addMessageToChat","decl":{"start":{"line":46,"column":7},"end":{"line":57,"column":1}},"loc":{"start":{"line":46,"column":7},"end":{"line":57,"column":1}},"line":46},"5":{"name":"getUserChats","decl":{"start":{"line":59,"column":7},"end":{"line":74,"column":1}},"loc":{"start":{"line":59,"column":7},"end":{"line":74,"column":1}},"line":59},"6":{"name":"getChat","decl":{"start":{"line":76,"column":7},"end":{"line":84,"column":1}},"loc":{"start":{"line":76,"column":7},"end":{"line":84,"column":1}},"line":76},"7":{"name":"getChatParticipants","decl":{"start":{"line":86,"column":0},"end":{"line":95,"column":1}},"loc":{"start":{"line":86,"column":0},"end":{"line":95,"column":1}},"line":86},"8":{"name":"getChatHistory","decl":{"start":{"line":97,"column":0},"end":{"line":100,"column":1}},"loc":{"start":{"line":97,"column":0},"end":{"line":100,"column":1}},"line":97}},"f":{"0":17,"1":11,"2":6,"3":4,"4":18,"5":4,"6":9,"7":21,"8":21}}
,"/home/runner/work/Chat/Chat/src/server.js": {"path":"/home/runner/work/Chat/Chat/src/server.js","all":false,"statementMap":{"0":{"start":{"line":1,"column":0},"end":{"line":1,"column":30}},"1":{"start":{"line":2,"column":0},"end":{"line":2,"column":24}},"2":{"start":{"line":3,"column":0},"end":{"line":3,"column":37}},"3":{"start":{"line":4,"column":0},"end":{"line":4,"column":24}},"4":{"start":{"line":5,"column":0},"end":{"line":5,"column":36}},"5":{"start":{"line":6,"column":0},"end":{"line":6,"column":51}},"6":{"start":{"line":7,"column":0},"end":{"line":7,"column":77}},"7":{"start":{"line":8,"column":0},"end":{"line":8,"column":28}},"8":{"start":{"line":9,"column":0},"end":{"line":9,"column":35}},"10":{"start":{"line":11,"column":0},"end":{"line":11,"column":64}},"12":{"start":{"line":13,"column":0},"end":{"line":13,"column":50}},"13":{"start":{"line":14,"column":0},"end":{"line":14,"column":43}},"15":{"start":{"line":16,"column":0},"end":{"line":16,"column":22}},"16":{"start":{"line":17,"column":0},"end":{"line":17,"column":38}},"17":{"start":{"line":18,"column":0},"end":{"line":18,"column":44}},"19":{"start":{"line":20,"column":0},"end":{"line":20,"column":61}},"21":{"start":{"line":22,"column":0},"end":{"line":22,"column":30}},"22":{"start":{"line":23,"column":0},"end":{"line":23,"column":24}},"23":{"start":{"line":24,"column":0},"end":{"line":24,"column":34}},"24":{"start":{"line":25,"column":0},"end":{"line":25,"column":38}},"25":{"start":{"line":26,"column":0},"end":{"line":26,"column":59}},"26":{"start":{"line":27,"column":0},"end":{"line":27,"column":13}},"27":{"start":{"line":28,"column":0},"end":{"line":28,"column":5}},"28":{"start":{"line":29,"column":0},"end":{"line":29,"column":22}},"29":{"start":{"line":30,"column":0},"end":{"line":30,"column":4}},"30":{"start":{"line":31,"column":0},"end":{"line":31,"column":1}},"32":{"start":{"line":33,"column":0},"end":{"line":33,"column":34}},"34":{"start":{"line":35,"column":0},"end":{"line":35,"column":51}},"35":{"start":{"line":36,"column":0},"end":{"line":36,"column":19}},"36":{"start":{"line":37,"column":0},"end":{"line":37,"column":53}},"37":{"start":{"line":38,"column":0},"end":{"line":38,"column":13}},"38":{"start":{"line":39,"column":0},"end":{"line":39,"column":55}},"39":{"start":{"line":40,"column":0},"end":{"line":40,"column":3}},"40":{"start":{"line":41,"column":0},"end":{"line":41,"column":18}},"41":{"start":{"line":42,"column":0},"end":{"line":42,"column":4}},"43":{"start":{"line":44,"column":0},"end":{"line":44,"column":56}},"44":{"start":{"line":45,"column":0},"end":{"line":45,"column":26}},"45":{"start":{"line":46,"column":0},"end":{"line":46,"column":30}},"46":{"start":{"line":47,"column":0},"end":{"line":47,"column":47}},"47":{"start":{"line":48,"column":0},"end":{"line":48,"column":31}},"48":{"start":{"line":49,"column":0},"end":{"line":49,"column":46}},"49":{"start":{"line":50,"column":0},"end":{"line":50,"column":63}},"50":{"start":{"line":51,"column":0},"end":{"line":51,"column":5}},"51":{"start":{"line":52,"column":0},"end":{"line":52,"column":5}},"52":{"start":{"line":53,"column":0},"end":{"line":53,"column":26}},"53":{"start":{"line":54,"column":0},"end":{"line":54,"column":4}},"55":{"start":{"line":56,"column":0},"end":{"line":56,"column":52}},"56":{"start":{"line":57,"column":0},"end":{"line":57,"column":26}},"57":{"start":{"line":58,"column":0},"end":{"line":58,"column":62}},"58":{"start":{"line":59,"column":0},"end":{"line":59,"column":12}},"59":{"start":{"line":60,"column":0},"end":{"line":60,"column":30}},"60":{"start":{"line":61,"column":0},"end":{"line":61,"column":4}},"62":{"start":{"line":63,"column":0},"end":{"line":63,"column":54}},"63":{"start":{"line":64,"column":0},"end":{"line":64,"column":26}},"64":{"start":{"line":65,"column":0},"end":{"line":65,"column":62}},"65":{"start":{"line":66,"column":0},"end":{"line":66,"column":14}},"66":{"start":{"line":67,"column":0},"end":{"line":67,"column":30}},"67":{"start":{"line":68,"column":0},"end":{"line":68,"column":4}},"69":{"start":{"line":70,"column":0},"end":{"line":70,"column":56}},"71":{"start":{"line":72,"column":0},"end":{"line":72,"column":38}},"72":{"start":{"line":73,"column":0},"end":{"line":73,"column":29}},"73":{"start":{"line":74,"column":0},"end":{"line":74,"column":58}},"74":{"start":{"line":75,"column":0},"end":{"line":75,"column":5}},"75":{"start":{"line":76,"column":0},"end":{"line":76,"column":1}},"77":{"start":{"line":78,"column":0},"end":{"line":78,"column":22}}},"s":{"0":1,"1":1,"2":1,"3":1,"4":1,"5":1,"6":1,"7":1,"8":1,"10":1,"12":1,"13":1,"15":1,"16":1,"17":1,"19":1,"21":4,"22":4,"23":5,"24":5,"25":1,"26":1,"27":1,"28":4,"29":5,"30":4,"32":1,"34":1,"35":1,"36":1,"37":2,"38":2,"39":2,"40":1,"41":1,"43":1,"44":1,"45":1,"46":1,"47":1,"48":2,"49":1,"50":1,"51":1,"52":1,"53":1,"55":1,"56":1,"57":1,"58":1,"59":1,"60":1,"62":1,"63":1,"64":1,"65":1,"66":1,"67":1,"69":1,"71":1,"72":0,"73":0,"74":0,"75":0,"77":1},"branchMap":{"0":{"type":"branch","line":11,"loc":{"start":{"line":11,"column":35},"end":{"line":11,"column":64}},"locations":[{"start":{"line":11,"column":35},"end":{"line":11,"column":64}}]},"1":{"type":"branch","line":72,"loc":{"start":{"line":72,"column":37},"end":{"line":76,"column":1}},"locations":[{"start":{"line":72,"column":37},"end":{"line":76,"column":1}}]},"2":{"type":"branch","line":20,"loc":{"start":{"line":20,"column":21},"end":{"line":20,"column":59}},"locations":[{"start":{"line":20,"column":21},"end":{"line":20,"column":59}}]},"3":{"type":"branch","line":22,"loc":{"start":{"line":22,"column":0},"end":{"line":31,"column":1}},"locations":[{"start":{"line":22,"column":0},"end":{"line":31,"column":1}}]},"4":{"type":"branch","line":23,"loc":{"start":{"line":23,"column":9},"end":{"line":30,"column":4}},"locations":[{"start":{"line":23,"column":9},"end":{"line":30,"column":4}}]},"5":{"type":"branch","line":25,"loc":{"start":{"line":25,"column":37},"end":{"line":28,"column":5}},"locations":[{"start":{"line":25,"column":37},"end":{"line":28,"column":5}}]},"6":{"type":"branch","line":28,"loc":{"start":{"line":28,"column":4},"end":{"line":29,"column":22}},"locations":[{"start":{"line":28,"column":4},"end":{"line":29,"column":22}}]},"7":{"type":"branch","line":35,"loc":{"start":{"line":35,"column":36},"end":{"line":42,"column":2}},"locations":[{"start":{"line":35,"column":36},"end":{"line":42,"column":2}}]},"8":{"type":"branch","line":37,"loc":{"start":{"line":37,"column":52},"end":{"line":40,"column":3}},"locations":[{"start":{"line":37,"column":52},"end":{"line":40,"column":3}}]},"9":{"type":"branch","line":44,"loc":{"start":{"line":44,"column":41},"end":{"line":54,"column":2}},"locations":[{"start":{"line":44,"column":41},"end":{"line":54,"column":2}}]},"10":{"type":"branch","line":48,"loc":{"start":{"line":48,"column":16},"end":{"line":52,"column":3}},"locations":[{"start":{"line":48,"column":16},"end":{"line":52,"column":3}}]},"11":{"type":"branch","line":49,"loc":{"start":{"line":49,"column":45},"end":{"line":51,"column":5}},"locations":[{"start":{"line":49,"column":45},"end":{"line":51,"column":5}}]},"12":{"type":"branch","line":56,"loc":{"start":{"line":56,"column":37},"end":{"line":61,"column":2}},"locations":[{"start":{"line":56,"column":37},"end":{"line":61,"column":2}}]},"13":{"type":"branch","line":58,"loc":{"start":{"line":58,"column":11},"end":{"line":58,"column":62}},"locations":[{"start":{"line":58,"column":11},"end":{"line":58,"column":62}}]},"14":{"type":"branch","line":63,"loc":{"start":{"line":63,"column":39},"end":{"line":68,"column":2}},"locations":[{"start":{"line":63,"column":39},"end":{"line":68,"column":2}}]},"15":{"type":"branch","line":65,"loc":{"start":{"line":65,"column":11},"end":{"line":65,"column":62}},"locations":[{"start":{"line":65,"column":11},"end":{"line":65,"column":62}}]}},"b":{"0":[0],"1":[0],"2":[1],"3":[4],"4":[5],"5":[1],"6":[4],"7":[1],"8":[2],"9":[1],"10":[2],"11":[1],"12":[1],"13":[0],"14":[1],"15":[0]},"fnMap":{"0":{"name":"adminRoute","decl":{"start":{"line":22,"column":0},"end":{"line":31,"column":1}},"loc":{"start":{"line":22,"column":0},"end":{"line":31,"column":1}},"line":22}},"f":{"0":4}}
,"/home/runner/work/Chat/Chat/src/userManager.js": {"path":"/home/runner/work/Chat/Chat/src/userManager.js","all":false,"statementMap":{"0":{"start":{"line":1,"column":0},"end":{"line":1,"column":36}},"2":{"start":{"line":3,"column":0},"end":{"line":3,"column":25}},"3":{"start":{"line":4,"column":0},"end":{"line":4,"column":22}},"4":{"start":{"line":5,"column":0},"end":{"line":5,"column":2}},"5":{"start":{"line":6,"column":0},"end":{"line":6,"column":1}},"6":{"start":{"line":7,"column":0},"end":{"line":7,"column":24}},"7":{"start":{"line":8,"column":0},"end":{"line":8,"column":43}},"8":{"start":{"line":9,"column":0},"end":{"line":9,"column":55}},"9":{"start":{"line":10,"column":0},"end":{"line":10,"column":1}},"10":{"start":{"line":11,"column":0},"end":{"line":11,"column":2}},"11":{"start":{"line":12,"column":0},"end":{"line":12,"column":28}},"13":{"start":{"line":14,"column":0},"end":{"line":14,"column":33}},"14":{"start":{"line":15,"column":0},"end":{"line":15,"column":26}},"15":{"start":{"line":16,"column":0},"end":{"line":16,"column":47}},"16":{"start":{"line":17,"column":0},"end":{"line":17,"column":38}},"17":{"start":{"line":18,"column":0},"end":{"line":18,"column":16}},"18":{"start":{"line":19,"column":0},"end":{"line":19,"column":1}},"20":{"start":{"line":21,"column":0},"end":{"line":21,"column":36}},"21":{"start":{"line":22,"column":0},"end":{"line":22,"column":23}},"22":{"start":{"line":23,"column":0},"end":{"line":23,"column":1}},"24":{"start":{"line":25,"column":0},"end":{"line":25,"column":43}},"25":{"start":{"line":26,"column":0},"end":{"line":26,"column":33}},"26":{"start":{"line":27,"column":0},"end":{"line":27,"column":29}},"27":{"start":{"line":28,"column":0},"end":{"line":28,"column":1}},"29":{"start":{"line":30,"column":0},"end":{"line":30,"column":33}},"30":{"start":{"line":31,"column":0},"end":{"line":31,"column":27}},"31":{"start":{"line":32,"column":0},"end":{"line":32,"column":1}},"33":{"start":{"line":34,"column":0},"end":{"line":34,"column":31}},"34":{"start":{"line":35,"column":0},"end":{"line":35,"column":15}},"35":{"start":{"line":36,"column":0},"end":{"line":36,"column":1}},"37":{"start":{"line":38,"column":0},"end":{"line":38,"column":37}},"38":{"start":{"line":39,"column":0},"end":{"line":39,"column":33}},"39":{"start":{"line":40,"column":0},"end":{"line":40,"column":55}},"40":{"start":{"line":41,"column":0},"end":{"line":41,"column":1}},"42":{"start":{"line":43,"column":0},"end":{"line":43,"column":32}},"43":{"start":{"line":44,"column":0},"end":{"line":44,"column":19}},"44":{"start":{"line":45,"column":0},"end":{"line":45,"column":1}},"46":{"start":{"line":47,"column":0},"end":{"line":47,"column":27}},"47":{"start":{"line":48,"column":0},"end":{"line":48,"column":32}},"49":{"start":{"line":50,"column":0},"end":{"line":50,"column":20}},"50":{"start":{"line":51,"column":0},"end":{"line":51,"column":45}},"51":{"start":{"line":52,"column":0},"end":{"line":52,"column":24}},"52":{"start":{"line":53,"column":0},"end":{"line":53,"column":25}},"53":{"start":{"line":54,"column":0},"end":{"line":54,"column":22}},"54":{"start":{"line":55,"column":0},"end":{"line":55,"column":21}},"55":{"start":{"line":56,"column":0},"end":{"line":56,"column":5}},"56":{"start":{"line":57,"column":0},"end":{"line":57,"column":3}},"57":{"start":{"line":58,"column":0},"end":{"line":58,"column":1}},"59":{"start":{"line":60,"column":0},"end":{"line":60,"column":30}},"60":{"start":{"line":61,"column":0},"end":{"line":61,"column":27}},"61":{"start":{"line":62,"column":0},"end":{"line":62,"column":1}},"63":{"start":{"line":64,"column":0},"end":{"line":64,"column":29}},"64":{"start":{"line":65,"column":0},"end":{"line":65,"column":23}},"65":{"start":{"line":66,"column":0},"end":{"line":66,"column":1}}},"s":{"0":1,"2":1,"3":1,"4":1,"5":1,"6":1,"7":1,"8":1,"9":1,"10":1,"11":1,"13":1,"14":12,"15":12,"16":12,"17":12,"18":12,"20":1,"21":6,"22":6,"24":1,"25":2,"26":2,"27":2,"29":1,"30":9,"31":9,"33":1,"34":10,"35":10,"37":1,"38":10,"39":10,"40":10,"42":1,"43":11,"44":11,"46":1,"47":4,"49":4,"50":4,"51":6,"52":5,"53":1,"54":1,"55":1,"56":6,"57":4,"59":1,"60":7,"61":7,"63":1,"64":2,"65":2},"branchMap":{"0":{"type":"branch","line":14,"loc":{"start":{"line":14,"column":7},"end":{"line":19,"column":1}},"locations":[{"start":{"line":14,"column":7},"end":{"line":19,"column":1}}]},"1":{"type":"branch","line":21,"loc":{"start":{"line":21,"column":7},"end":{"line":23,"column":1}},"locations":[{"start":{"line":21,"column":7},"end":{"line":23,"column":1}}]},"2":{"type":"branch","line":25,"loc":{"start":{"line":25,"column":7},"end":{"line":28,"column":1}},"locations":[{"start":{"line":25,"column":7},"end":{"line":28,"column":1}}]},"3":{"type":"branch","line":30,"loc":{"start":{"line":30,"column":7},"end":{"line":32,"column":1}},"locations":[{"start":{"line":30,"column":7},"end":{"line":32,"column":1}}]},"4":{"type":"branch","line":34,"loc":{"start":{"line":34,"column":7},"end":{"line":36,"column":1}},"locations":[{"start":{"line":34,"column":7},"end":{"line":36,"column":1}}]},"5":{"type":"branch","line":38,"loc":{"start":{"line":38,"column":7},"end":{"line":41,"column":1}},"locations":[{"start":{"line":38,"column":7},"end":{"line":41,"column":1}}]},"6":{"type":"branch","line":40,"loc":{"start":{"line":40,"column":22},"end":{"line":40,"column":33}},"locations":[{"start":{"line":40,"column":22},"end":{"line":40,"column":33}}]},"7":{"type":"branch","line":40,"loc":{"start":{"line":40,"column":34},"end":{"line":40,"column":40}},"locations":[{"start":{"line":40,"column":34},"end":{"line":40,"column":40}}]},"8":{"type":"branch","line":43,"loc":{"start":{"line":43,"column":7},"end":{"line":45,"column":1}},"locations":[{"start":{"line":43,"column":7},"end":{"line":45,"column":1}}]},"9":{"type":"branch","line":47,"loc":{"start":{"line":47,"column":7},"end":{"line":58,"column":1}},"locations":[{"start":{"line":47,"column":7},"end":{"line":58,"column":1}}]},"10":{"type":"branch","line":48,"loc":{"start":{"line":48,"column":24},"end":{"line":48,"column":31}},"locations":[{"start":{"line":48,"column":24},"end":{"line":48,"column":31}}]},"11":{"type":"branch","line":51,"loc":{"start":{"line":51,"column":44},"end":{"line":57,"column":3}},"locations":[{"start":{"line":51,"column":44},"end":{"line":57,"column":3}}]},"12":{"type":"branch","line":52,"loc":{"start":{"line":52,"column":15},"end":{"line":52,"column":24}},"locations":[{"start":{"line":52,"column":15},"end":{"line":52,"column":24}}]},"13":{"type":"branch","line":52,"loc":{"start":{"line":52,"column":23},"end":{"line":56,"column":5}},"locations":[{"start":{"line":52,"column":23},"end":{"line":56,"column":5}}]},"14":{"type":"branch","line":52,"loc":{"start":{"line":52,"column":23},"end":{"line":53,"column":24}},"locations":[{"start":{"line":52,"column":23},"end":{"line":53,"column":24}}]},"15":{"type":"branch","line":53,"loc":{"start":{"line":53,"column":24},"end":{"line":56,"column":5}},"locations":[{"start":{"line":53,"column":24},"end":{"line":56,"column":5}}]},"16":{"type":"branch","line":60,"loc":{"start":{"line":60,"column":7},"end":{"line":62,"column":1}},"locations":[{"start":{"line":60,"column":7},"end":{"line":62,"column":1}}]},"17":{"type":"branch","line":64,"loc":{"start":{"line":64,"column":7},"end":{"line":66,"column":1}},"locations":[{"start":{"line":64,"column":7},"end":{"line":66,"column":1}}]}},"b":{"0":[12],"1":[6],"2":[2],"3":[9],"4":[10],"5":[10],"6":[8],"7":[2],"8":[11],"9":[4],"10":[0],"11":[6],"12":[4],"13":[5],"14":[2],"15":[1],"16":[7],"17":[2]},"fnMap":{"0":{"name":"addUser","decl":{"start":{"line":14,"column":7},"end":{"line":19,"column":1}},"loc":{"start":{"line":14,"column":7},"end":{"line":19,"column":1}},"line":14},"1":{"name":"removeUser","decl":{"start":{"line":21,"column":7},"end":{"line":23,"column":1}},"loc":{"start":{"line":21,"column":7},"end":{"line":23,"column":1}},"line":21},"2":{"name":"setUserName","decl":{"start":{"line":25,"column":7},"end":{"line":28,"column":1}},"loc":{"start":{"line":25,"column":7},"end":{"line":28,"column":1}},"line":25},"3":{"name":"getUser","decl":{"start":{"line":30,"column":7},"end":{"line":32,"column":1}},"loc":{"start":{"line":30,"column":7},"end":{"line":32,"column":1}},"line":30},"4":{"name":"getAllUsers","decl":{"start":{"line":34,"column":7},"end":{"line":36,"column":1}},"loc":{"start":{"line":34,"column":7},"end":{"line":36,"column":1}},"line":34},"5":{"name":"getUserName","decl":{"start":{"line":38,"column":7},"end":{"line":41,"column":1}},"loc":{"start":{"line":38,"column":7},"end":{"line":41,"column":1}},"line":38},"6":{"name":"getBannedIps","decl":{"start":{"line":43,"column":7},"end":{"line":45,"column":1}},"loc":{"start":{"line":43,"column":7},"end":{"line":45,"column":1}},"line":43},"7":{"name":"banIp","decl":{"start":{"line":47,"column":7},"end":{"line":58,"column":1}},"loc":{"start":{"line":47,"column":7},"end":{"line":58,"column":1}},"line":47},"8":{"name":"isBanned","decl":{"start":{"line":60,"column":7},"end":{"line":62,"column":1}},"loc":{"start":{"line":60,"column":7},"end":{"line":62,"column":1}},"line":60},"9":{"name":"unBanIp","decl":{"start":{"line":64,"column":7},"end":{"line":66,"column":1}},"loc":{"start":{"line":64,"column":7},"end":{"line":66,"column":1}},"line":64}},"f":{"0":12,"1":6,"2":2,"3":9,"4":10,"5":10,"6":11,"7":4,"8":7,"9":2}}
,"/home/runner/work/Chat/Chat/src/wsHandlers.js": {"path":"/home/runner/work/Chat/Chat/src/wsHandlers.js","all":false,"statementMap":{"0":{"start":{"line":1,"column":0},"end":{"line":1,"column":8}},"7":{"start":{"line":8,"column":0},"end":{"line":8,"column":8}},"15":{"start":{"line":16,"column":0},"end":{"line":16,"column":40}},"17":{"start":{"line":18,"column":0},"end":{"line":18,"column":43}},"18":{"start":{"line":19,"column":0},"end":{"line":19,"column":87}},"19":{"start":{"line":20,"column":0},"end":{"line":20,"column":21}},"20":{"start":{"line":21,"column":0},"end":{"line":21,"column":80}},"21":{"start":{"line":22,"column":0},"end":{"line":22,"column":15}},"22":{"start":{"line":23,"column":0},"end":{"line":23,"column":11}},"23":{"start":{"line":24,"column":0},"end":{"line":24,"column":3}},"24":{"start":{"line":25,"column":0},"end":{"line":25,"column":20}},"26":{"start":{"line":27,"column":0},"end":{"line":27,"column":35}},"27":{"start":{"line":28,"column":0},"end":{"line":28,"column":9}},"28":{"start":{"line":29,"column":0},"end":{"line":29,"column":35}},"30":{"start":{"line":31,"column":0},"end":{"line":31,"column":77}},"31":{"start":{"line":32,"column":0},"end":{"line":32,"column":29}},"32":{"start":{"line":33,"column":0},"end":{"line":33,"column":32}},"33":{"start":{"line":34,"column":0},"end":{"line":34,"column":90}},"34":{"start":{"line":35,"column":0},"end":{"line":35,"column":15}},"35":{"start":{"line":36,"column":0},"end":{"line":36,"column":7}},"37":{"start":{"line":38,"column":0},"end":{"line":38,"column":20}},"38":{"start":{"line":39,"column":0},"end":{"line":39,"column":33}},"39":{"start":{"line":40,"column":0},"end":{"line":40,"column":36}},"40":{"start":{"line":41,"column":0},"end":{"line":41,"column":90}},"41":{"start":{"line":42,"column":0},"end":{"line":42,"column":15}},"42":{"start":{"line":43,"column":0},"end":{"line":43,"column":7}},"44":{"start":{"line":45,"column":0},"end":{"line":45,"column":36}},"45":{"start":{"line":46,"column":0},"end":{"line":46,"column":39}},"46":{"start":{"line":47,"column":0},"end":{"line":47,"column":15}},"47":{"start":{"line":48,"column":0},"end":{"line":48,"column":7}},"49":{"start":{"line":50,"column":0},"end":{"line":50,"column":38}},"50":{"start":{"line":51,"column":0},"end":{"line":51,"column":38}},"51":{"start":{"line":52,"column":0},"end":{"line":52,"column":40}},"52":{"start":{"line":53,"column":0},"end":{"line":53,"column":20}},"53":{"start":{"line":54,"column":0},"end":{"line":54,"column":87}},"54":{"start":{"line":55,"column":0},"end":{"line":55,"column":17}},"55":{"start":{"line":56,"column":0},"end":{"line":56,"column":9}},"56":{"start":{"line":57,"column":0},"end":{"line":57,"column":60}},"57":{"start":{"line":58,"column":0},"end":{"line":58,"column":103}},"58":{"start":{"line":59,"column":0},"end":{"line":59,"column":17}},"59":{"start":{"line":60,"column":0},"end":{"line":60,"column":9}},"60":{"start":{"line":61,"column":0},"end":{"line":61,"column":63}},"62":{"start":{"line":63,"column":0},"end":{"line":63,"column":54}},"63":{"start":{"line":64,"column":0},"end":{"line":64,"column":47}},"64":{"start":{"line":65,"column":0},"end":{"line":65,"column":55}},"65":{"start":{"line":66,"column":0},"end":{"line":66,"column":25}},"66":{"start":{"line":67,"column":0},"end":{"line":67,"column":30}},"67":{"start":{"line":68,"column":0},"end":{"line":68,"column":32}},"68":{"start":{"line":69,"column":0},"end":{"line":69,"column":23}},"69":{"start":{"line":70,"column":0},"end":{"line":70,"column":38}},"70":{"start":{"line":71,"column":0},"end":{"line":71,"column":35}},"71":{"start":{"line":72,"column":0},"end":{"line":72,"column":21}},"72":{"start":{"line":73,"column":0},"end":{"line":73,"column":45}},"73":{"start":{"line":74,"column":0},"end":{"line":74,"column":16}},"74":{"start":{"line":75,"column":0},"end":{"line":75,"column":14}},"75":{"start":{"line":76,"column":0},"end":{"line":76,"column":11}},"76":{"start":{"line":77,"column":0},"end":{"line":77,"column":9}},"78":{"start":{"line":79,"column":0},"end":{"line":79,"column":57}},"79":{"start":{"line":80,"column":0},"end":{"line":80,"column":53}},"80":{"start":{"line":81,"column":0},"end":{"line":81,"column":69}},"81":{"start":{"line":82,"column":0},"end":{"line":82,"column":56}},"82":{"start":{"line":83,"column":0},"end":{"line":83,"column":49}},"83":{"start":{"line":84,"column":0},"end":{"line":84,"column":57}},"84":{"start":{"line":85,"column":0},"end":{"line":85,"column":27}},"85":{"start":{"line":86,"column":0},"end":{"line":86,"column":32}},"86":{"start":{"line":87,"column":0},"end":{"line":87,"column":34}},"87":{"start":{"line":88,"column":0},"end":{"line":88,"column":25}},"88":{"start":{"line":89,"column":0},"end":{"line":89,"column":42}},"89":{"start":{"line":90,"column":0},"end":{"line":90,"column":39}},"90":{"start":{"line":91,"column":0},"end":{"line":91,"column":39}},"91":{"start":{"line":92,"column":0},"end":{"line":92,"column":49}},"92":{"start":{"line":93,"column":0},"end":{"line":93,"column":18}},"93":{"start":{"line":94,"column":0},"end":{"line":94,"column":16}},"94":{"start":{"line":95,"column":0},"end":{"line":95,"column":13}},"95":{"start":{"line":96,"column":0},"end":{"line":96,"column":11}},"96":{"start":{"line":97,"column":0},"end":{"line":97,"column":9}},"97":{"start":{"line":98,"column":0},"end":{"line":98,"column":15}},"98":{"start":{"line":99,"column":0},"end":{"line":99,"column":7}},"100":{"start":{"line":101,"column":0},"end":{"line":101,"column":36}},"101":{"start":{"line":102,"column":0},"end":{"line":102,"column":32}},"102":{"start":{"line":103,"column":0},"end":{"line":103,"column":37}},"103":{"start":{"line":104,"column":0},"end":{"line":104,"column":20}},"104":{"start":{"line":105,"column":0},"end":{"line":105,"column":87}},"105":{"start":{"line":106,"column":0},"end":{"line":106,"column":17}},"106":{"start":{"line":107,"column":0},"end":{"line":107,"column":9}},"107":{"start":{"line":108,"column":0},"end":{"line":108,"column":60}},"108":{"start":{"line":109,"column":0},"end":{"line":109,"column":103}},"109":{"start":{"line":110,"column":0},"end":{"line":110,"column":17}},"110":{"start":{"line":111,"column":0},"end":{"line":111,"column":9}},"111":{"start":{"line":112,"column":0},"end":{"line":112,"column":16}},"112":{"start":{"line":113,"column":0},"end":{"line":113,"column":26}},"113":{"start":{"line":114,"column":0},"end":{"line":114,"column":25}},"114":{"start":{"line":115,"column":0},"end":{"line":115,"column":19}},"115":{"start":{"line":116,"column":0},"end":{"line":116,"column":44}},"116":{"start":{"line":117,"column":0},"end":{"line":117,"column":36}},"117":{"start":{"line":118,"column":0},"end":{"line":118,"column":38}},"118":{"start":{"line":119,"column":0},"end":{"line":119,"column":12}},"119":{"start":{"line":120,"column":0},"end":{"line":120,"column":10}},"120":{"start":{"line":121,"column":0},"end":{"line":121,"column":15}},"121":{"start":{"line":122,"column":0},"end":{"line":122,"column":7}},"123":{"start":{"line":124,"column":0},"end":{"line":124,"column":41}},"124":{"start":{"line":125,"column":0},"end":{"line":125,"column":47}},"125":{"start":{"line":126,"column":0},"end":{"line":126,"column":16}},"126":{"start":{"line":127,"column":0},"end":{"line":127,"column":26}},"127":{"start":{"line":128,"column":0},"end":{"line":128,"column":30}},"128":{"start":{"line":129,"column":0},"end":{"line":129,"column":29}},"129":{"start":{"line":130,"column":0},"end":{"line":130,"column":12}},"130":{"start":{"line":131,"column":0},"end":{"line":131,"column":10}},"131":{"start":{"line":132,"column":0},"end":{"line":132,"column":15}},"132":{"start":{"line":133,"column":0},"end":{"line":133,"column":7}},"134":{"start":{"line":135,"column":0},"end":{"line":135,"column":44}},"135":{"start":{"line":136,"column":0},"end":{"line":136,"column":54}},"136":{"start":{"line":137,"column":0},"end":{"line":137,"column":32}},"137":{"start":{"line":138,"column":0},"end":{"line":138,"column":35}},"138":{"start":{"line":139,"column":0},"end":{"line":139,"column":17}},"139":{"start":{"line":140,"column":0},"end":{"line":140,"column":33}},"140":{"start":{"line":141,"column":0},"end":{"line":141,"column":12}},"141":{"start":{"line":142,"column":0},"end":{"line":142,"column":15}},"142":{"start":{"line":143,"column":0},"end":{"line":143,"column":7}},"144":{"start":{"line":145,"column":0},"end":{"line":145,"column":41}},"145":{"start":{"line":146,"column":0},"end":{"line":146,"column":32}},"146":{"start":{"line":147,"column":0},"end":{"line":147,"column":53}},"147":{"start":{"line":148,"column":0},"end":{"line":148,"column":40}},"148":{"start":{"line":149,"column":0},"end":{"line":149,"column":22}},"149":{"start":{"line":150,"column":0},"end":{"line":150,"column":34}},"150":{"start":{"line":151,"column":0},"end":{"line":151,"column":31}},"151":{"start":{"line":152,"column":0},"end":{"line":152,"column":19}},"152":{"start":{"line":153,"column":0},"end":{"line":153,"column":44}},"153":{"start":{"line":154,"column":0},"end":{"line":154,"column":38}},"154":{"start":{"line":155,"column":0},"end":{"line":155,"column":14}},"156":{"start":{"line":157,"column":0},"end":{"line":157,"column":56}},"157":{"start":{"line":158,"column":0},"end":{"line":158,"column":52}},"158":{"start":{"line":159,"column":0},"end":{"line":159,"column":49}},"159":{"start":{"line":160,"column":0},"end":{"line":160,"column":57}},"160":{"start":{"line":161,"column":0},"end":{"line":161,"column":27}},"161":{"start":{"line":162,"column":0},"end":{"line":162,"column":32}},"162":{"start":{"line":163,"column":0},"end":{"line":163,"column":44}},"163":{"start":{"line":164,"column":0},"end":{"line":164,"column":24}},"164":{"start":{"line":165,"column":0},"end":{"line":165,"column":18}},"165":{"start":{"line":166,"column":0},"end":{"line":166,"column":16}},"166":{"start":{"line":167,"column":0},"end":{"line":167,"column":13}},"167":{"start":{"line":168,"column":0},"end":{"line":168,"column":11}},"168":{"start":{"line":169,"column":0},"end":{"line":169,"column":16}},"169":{"start":{"line":170,"column":0},"end":{"line":170,"column":34}},"170":{"start":{"line":171,"column":0},"end":{"line":171,"column":26}},"171":{"start":{"line":172,"column":0},"end":{"line":172,"column":59}},"172":{"start":{"line":173,"column":0},"end":{"line":173,"column":14}},"173":{"start":{"line":174,"column":0},"end":{"line":174,"column":9}},"174":{"start":{"line":175,"column":0},"end":{"line":175,"column":15}},"175":{"start":{"line":176,"column":0},"end":{"line":176,"column":7}},"176":{"start":{"line":177,"column":0},"end":{"line":177,"column":17}},"177":{"start":{"line":178,"column":0},"end":{"line":178,"column":52}},"178":{"start":{"line":179,"column":0},"end":{"line":179,"column":5}},"179":{"start":{"line":180,"column":0},"end":{"line":180,"column":5}},"181":{"start":{"line":182,"column":0},"end":{"line":182,"column":1}}},"s":{"0":1,"7":1,"15":1,"17":1,"18":15,"19":15,"20":1,"21":1,"22":1,"23":1,"24":14,"26":14,"27":24,"28":24,"30":24,"31":1,"32":1,"33":1,"34":1,"35":1,"37":24,"38":11,"39":11,"40":11,"41":11,"42":11,"44":24,"45":1,"46":1,"47":1,"49":24,"50":3,"51":3,"52":3,"53":0,"54":0,"55":0,"56":3,"57":0,"58":0,"59":0,"60":3,"62":3,"63":6,"64":6,"65":5,"66":5,"67":5,"68":5,"69":5,"70":5,"71":5,"72":5,"73":5,"74":5,"75":5,"76":6,"78":3,"79":1,"80":1,"81":1,"82":2,"83":2,"84":1,"85":1,"86":1,"87":1,"88":1,"89":1,"90":1,"91":1,"92":1,"93":1,"94":1,"95":2,"96":1,"97":3,"98":3,"100":24,"101":1,"102":1,"103":1,"104":0,"105":0,"106":0,"107":1,"108":0,"109":0,"110":0,"111":1,"112":1,"113":1,"114":1,"115":1,"116":1,"117":1,"118":1,"119":1,"120":1,"121":1,"123":24,"124":1,"125":1,"126":1,"127":1,"128":1,"129":1,"130":1,"131":1,"132":1,"134":24,"135":2,"136":2,"137":2,"138":2,"139":2,"140":2,"141":2,"142":2,"144":3,"145":3,"146":3,"147":3,"148":3,"149":2,"150":2,"151":2,"152":2,"153":2,"154":2,"156":2,"157":4,"158":2,"159":4,"160":2,"161":2,"162":2,"163":2,"164":2,"165":2,"166":2,"167":4,"168":2,"169":1,"170":1,"171":1,"172":1,"173":1,"174":3,"175":3,"176":24,"177":1,"178":1,"179":14,"181":14},"branchMap":{"0":{"type":"branch","line":18,"loc":{"start":{"line":18,"column":7},"end":{"line":182,"column":1}},"locations":[{"start":{"line":18,"column":7},"end":{"line":182,"column":1}}]},"1":{"type":"branch","line":19,"loc":{"start":{"line":19,"column":43},"end":{"line":19,"column":50}},"locations":[{"start":{"line":19,"column":43},"end":{"line":19,"column":50}}]},"2":{"type":"branch","line":20,"loc":{"start":{"line":20,"column":20},"end":{"line":24,"column":3}},"locations":[{"start":{"line":20,"column":20},"end":{"line":24,"column":3}}]},"3":{"type":"branch","line":24,"loc":{"start":{"line":24,"column":2},"end":{"line":182,"column":1}},"locations":[{"start":{"line":24,"column":2},"end":{"line":182,"column":1}}]},"4":{"type":"branch","line":27,"loc":{"start":{"line":27,"column":19},"end":{"line":180,"column":3}},"locations":[{"start":{"line":27,"column":19},"end":{"line":180,"column":3}}]},"5":{"type":"branch","line":31,"loc":{"start":{"line":31,"column":36},"end":{"line":31,"column":50}},"locations":[{"start":{"line":31,"column":36},"end":{"line":31,"column":50}}]},"6":{"type":"branch","line":31,"loc":{"start":{"line":31,"column":51},"end":{"line":31,"column":74}},"locations":[{"start":{"line":31,"column":51},"end":{"line":31,"column":74}}]},"7":{"type":"branch","line":31,"loc":{"start":{"line":31,"column":76},"end":{"line":36,"column":7}},"locations":[{"start":{"line":31,"column":76},"end":{"line":36,"column":7}}]},"8":{"type":"branch","line":36,"loc":{"start":{"line":36,"column":6},"end":{"line":38,"column":19}},"locations":[{"start":{"line":36,"column":6},"end":{"line":38,"column":19}}]},"9":{"type":"branch","line":38,"loc":{"start":{"line":38,"column":19},"end":{"line":45,"column":35}},"locations":[{"start":{"line":38,"column":19},"end":{"line":45,"column":35}}]},"10":{"type":"branch","line":45,"loc":{"start":{"line":45,"column":35},"end":{"line":48,"column":7}},"locations":[{"start":{"line":45,"column":35},"end":{"line":48,"column":7}}]},"11":{"type":"branch","line":48,"loc":{"start":{"line":48,"column":6},"end":{"line":50,"column":37}},"locations":[{"start":{"line":48,"column":6},"end":{"line":50,"column":37}}]},"12":{"type":"branch","line":50,"loc":{"start":{"line":50,"column":37},"end":{"line":99,"column":7}},"locations":[{"start":{"line":50,"column":37},"end":{"line":99,"column":7}}]},"13":{"type":"branch","line":53,"loc":{"start":{"line":53,"column":19},"end":{"line":56,"column":9}},"locations":[{"start":{"line":53,"column":19},"end":{"line":56,"column":9}}]},"14":{"type":"branch","line":57,"loc":{"start":{"line":57,"column":59},"end":{"line":60,"column":9}},"locations":[{"start":{"line":57,"column":59},"end":{"line":60,"column":9}}]},"15":{"type":"branch","line":63,"loc":{"start":{"line":63,"column":53},"end":{"line":77,"column":9}},"locations":[{"start":{"line":63,"column":53},"end":{"line":77,"column":9}}]},"16":{"type":"branch","line":65,"loc":{"start":{"line":65,"column":19},"end":{"line":65,"column":52}},"locations":[{"start":{"line":65,"column":19},"end":{"line":65,"column":52}}]},"17":{"type":"branch","line":65,"loc":{"start":{"line":65,"column":54},"end":{"line":76,"column":11}},"locations":[{"start":{"line":65,"column":54},"end":{"line":76,"column":11}}]},"18":{"type":"branch","line":79,"loc":{"start":{"line":79,"column":56},"end":{"line":97,"column":9}},"locations":[{"start":{"line":79,"column":56},"end":{"line":97,"column":9}}]},"19":{"type":"branch","line":82,"loc":{"start":{"line":82,"column":55},"end":{"line":96,"column":11}},"locations":[{"start":{"line":82,"column":55},"end":{"line":96,"column":11}}]},"20":{"type":"branch","line":84,"loc":{"start":{"line":84,"column":21},"end":{"line":84,"column":54}},"locations":[{"start":{"line":84,"column":21},"end":{"line":84,"column":54}}]},"21":{"type":"branch","line":84,"loc":{"start":{"line":84,"column":56},"end":{"line":95,"column":13}},"locations":[{"start":{"line":84,"column":56},"end":{"line":95,"column":13}}]},"22":{"type":"branch","line":99,"loc":{"start":{"line":99,"column":6},"end":{"line":101,"column":35}},"locations":[{"start":{"line":99,"column":6},"end":{"line":101,"column":35}}]},"23":{"type":"branch","line":101,"loc":{"start":{"line":101,"column":35},"end":{"line":122,"column":7}},"locations":[{"start":{"line":101,"column":35},"end":{"line":122,"column":7}}]},"24":{"type":"branch","line":104,"loc":{"start":{"line":104,"column":19},"end":{"line":107,"column":9}},"locations":[{"start":{"line":104,"column":19},"end":{"line":107,"column":9}}]},"25":{"type":"branch","line":108,"loc":{"start":{"line":108,"column":59},"end":{"line":111,"column":9}},"locations":[{"start":{"line":108,"column":59},"end":{"line":111,"column":9}}]},"26":{"type":"branch","line":122,"loc":{"start":{"line":122,"column":6},"end":{"line":124,"column":40}},"locations":[{"start":{"line":122,"column":6},"end":{"line":124,"column":40}}]},"27":{"type":"branch","line":124,"loc":{"start":{"line":124,"column":40},"end":{"line":133,"column":7}},"locations":[{"start":{"line":124,"column":40},"end":{"line":133,"column":7}}]},"28":{"type":"branch","line":133,"loc":{"start":{"line":133,"column":6},"end":{"line":135,"column":43}},"locations":[{"start":{"line":133,"column":6},"end":{"line":135,"column":43}}]},"29":{"type":"branch","line":135,"loc":{"start":{"line":135,"column":43},"end":{"line":176,"column":7}},"locations":[{"start":{"line":135,"column":43},"end":{"line":176,"column":7}}]},"30":{"type":"branch","line":135,"loc":{"start":{"line":135,"column":43},"end":{"line":143,"column":7}},"locations":[{"start":{"line":135,"column":43},"end":{"line":143,"column":7}}]},"31":{"type":"branch","line":143,"loc":{"start":{"line":143,"column":6},"end":{"line":176,"column":7}},"locations":[{"start":{"line":143,"column":6},"end":{"line":176,"column":7}}]},"32":{"type":"branch","line":149,"loc":{"start":{"line":149,"column":21},"end":{"line":174,"column":9}},"locations":[{"start":{"line":149,"column":21},"end":{"line":174,"column":9}}]},"33":{"type":"branch","line":157,"loc":{"start":{"line":157,"column":55},"end":{"line":168,"column":11}},"locations":[{"start":{"line":157,"column":55},"end":{"line":168,"column":11}}]},"34":{"type":"branch","line":158,"loc":{"start":{"line":158,"column":43},"end":{"line":160,"column":54}},"locations":[{"start":{"line":158,"column":43},"end":{"line":160,"column":54}}]},"35":{"type":"branch","line":160,"loc":{"start":{"line":160,"column":56},"end":{"line":167,"column":13}},"locations":[{"start":{"line":160,"column":56},"end":{"line":167,"column":13}}]},"36":{"type":"branch","line":169,"loc":{"start":{"line":169,"column":9},"end":{"line":174,"column":9}},"locations":[{"start":{"line":169,"column":9},"end":{"line":174,"column":9}}]},"37":{"type":"branch","line":177,"loc":{"start":{"line":177,"column":6},"end":{"line":179,"column":5}},"locations":[{"start":{"line":177,"column":6},"end":{"line":179,"column":5}}]},"38":{"type":"branch","line":57,"loc":{"start":{"line":57,"column":36},"end":{"line":57,"column":56}},"locations":[{"start":{"line":57,"column":36},"end":{"line":57,"column":56}}]},"39":{"type":"branch","line":79,"loc":{"start":{"line":79,"column":35},"end":{"line":79,"column":53}},"locations":[{"start":{"line":79,"column":35},"end":{"line":79,"column":53}}]},"40":{"type":"branch","line":108,"loc":{"start":{"line":108,"column":36},"end":{"line":108,"column":56}},"locations":[{"start":{"line":108,"column":36},"end":{"line":108,"column":56}}]}},"b":{"0":[15],"1":[0],"2":[1],"3":[14],"4":[24],"5":[1],"6":[1],"7":[1],"8":[22],"9":[11],"10":[1],"11":[10],"12":[3],"13":[0],"14":[0],"15":[6],"16":[5],"17":[5],"18":[1],"19":[2],"20":[1],"21":[1],"22":[7],"23":[1],"24":[0],"25":[0],"26":[6],"27":[1],"28":[5],"29":[20],"30":[2],"31":[3],"32":[2],"33":[4],"34":[2],"35":[2],"36":[1],"37":[1],"38":[3],"39":[6],"40":[1]},"fnMap":{"0":{"name":"handleConnection","decl":{"start":{"line":18,"column":7},"end":{"line":182,"column":1}},"loc":{"start":{"line":18,"column":7},"end":{"line":182,"column":1}},"line":18}},"f":{"0":15}}
}
